This file contains any messages produced by compilers while
running configure, to aid debugging if configure makes a mistake.

It was created by rtems configure 5.1.0, which was
generated by GNU Autoconf 2.69.  Invocation command line was

  $ ../configure --target=arm-rtems5 --enable-rtemsbsp=stm32f4 --enable-networking --enable-profiling --enable-cxx --enable-tests=samples USE_TICKS_FOR_STATISTICS=1

## --------- ##
## Platform. ##
## --------- ##

hostname = ubuntu
uname -m = x86_64
uname -r = 5.4.0-48-generic
uname -s = Linux
uname -v = #52-Ubuntu SMP Thu Sep 10 10:58:49 UTC 2020

/usr/bin/uname -p = x86_64
/bin/uname -X     = unknown

/bin/arch              = x86_64
/usr/bin/arch -k       = unknown
/usr/convex/getsysinfo = unknown
/usr/bin/hostinfo      = unknown
/bin/machine           = unknown
/usr/bin/oslevel       = unknown
/bin/universe          = unknown

PATH: /opt/rtems-5.1/bin
PATH: /usr/local/sbin
PATH: /usr/local/bin
PATH: /usr/sbin
PATH: /usr/bin
PATH: /sbin
PATH: /bin
PATH: /usr/games
PATH: /usr/local/games
PATH: /snap/bin


## ----------- ##
## Core tests. ##
## ----------- ##

configure:1821: checking for gmake
configure:1851: result: no
configure:1821: checking for make
configure:1837: found /usr/bin/make
configure:1848: result: make
configure:1873: checking for RTEMS Version
configure:1875: result: 5.1.0
configure:1905: checking build system type
configure:1919: result: x86_64-pc-linux-gnu
configure:1939: checking host system type
configure:1952: result: x86_64-pc-linux-gnu
configure:1972: checking target system type
configure:1985: result: arm-unknown-rtems5
configure:2027: checking for a BSD-compatible install
configure:2095: result: /usr/bin/install -c
configure:2106: checking whether build environment is sane
configure:2161: result: yes
configure:2310: checking for a thread-safe mkdir -p
configure:2349: result: /usr/bin/mkdir -p
configure:2356: checking for gawk
configure:2386: result: no
configure:2356: checking for mawk
configure:2372: found /usr/bin/mawk
configure:2383: result: mawk
configure:2394: checking whether make sets $(MAKE)
configure:2416: result: yes
configure:2494: checking whether to enable maintainer-specific portions of Makefiles
configure:2503: result: no
configure:2878: checking that generated files are newer than configure
configure:2884: result: done
configure:3050: creating ./config.status
configure:4080: configuring in arm-rtems5/c
configure:4167: running /bin/bash '../../../c/configure' '--prefix=/opt/rtems-5' '--host=arm-rtems5' '--build=x86_64-pc-linux-gnu' '--target=arm-rtems5'  '--enable-rtemsbsp=stm32f4' '--enable-networking' '--enable-profiling' '--enable-cxx' '--enable-tests=samples' 'USE_TICKS_FOR_STATISTICS=1' '--with-target-subdir=arm-rtems5' '--exec-prefix=/opt/rtems-5/arm-rtems5' '--includedir=/opt/rtems-5/arm-rtems5/include'  '--cache-file=/dev/null' '--srcdir=../../../c'

## ---------------------- ##
## Running config.status. ##
## ---------------------- ##

This file was extended by rtems config.status 5.1.0, which was
generated by GNU Autoconf 2.69.  Invocation command line was

  CONFIG_FILES    = 
  CONFIG_HEADERS  = 
  CONFIG_LINKS    = 
  CONFIG_COMMANDS = 
  $ ./config.status 

on ubuntu

config.status:769: creating Makefile

## ---------------- ##
## Cache variables. ##
## ---------------- ##

ac_cv_build=x86_64-pc-linux-gnu
ac_cv_env_build_alias_set=
ac_cv_env_build_alias_value=
ac_cv_env_host_alias_set=
ac_cv_env_host_alias_value=
ac_cv_env_target_alias_set=set
ac_cv_env_target_alias_value=arm-rtems5
ac_cv_host=x86_64-pc-linux-gnu
ac_cv_path_install='/usr/bin/install -c'
ac_cv_path_mkdir=/usr/bin/mkdir
ac_cv_prog_AWK=mawk
ac_cv_prog_MAKE=make
ac_cv_prog_make_make_set=yes
ac_cv_target=arm-unknown-rtems5

## ----------------- ##
## Output variables. ##
## ----------------- ##

ACLOCAL='${SHELL} /home/embeddeduser/consolePrjt/rtems-5.1/missing --run aclocal-1.12'
AMTAR='$${TAR-tar}'
AUTOCONF='${SHELL} /home/embeddeduser/consolePrjt/rtems-5.1/missing --run autoconf'
AUTOHEADER='${SHELL} /home/embeddeduser/consolePrjt/rtems-5.1/missing --run autoheader'
AUTOMAKE='${SHELL} /home/embeddeduser/consolePrjt/rtems-5.1/missing --run automake-1.12'
AWK='mawk'
CYGPATH_W='echo'
DEFS='-DPACKAGE_NAME=\"rtems\" -DPACKAGE_TARNAME=\"rtems\" -DPACKAGE_VERSION=\"5.1.0\" -DPACKAGE_STRING=\"rtems\ 5.1.0\" -DPACKAGE_BUGREPORT=\"https://devel.rtems.org/newticket\" -DPACKAGE_URL=\"\"'
ECHO_C=''
ECHO_N='-n'
ECHO_T=''
INSTALL_DATA='${INSTALL} -m 644'
INSTALL_PROGRAM='${INSTALL}'
INSTALL_SCRIPT='${INSTALL}'
INSTALL_STRIP_PROGRAM='$(install_sh) -c -s'
LIBOBJS=''
LIBS=''
LTLIBOBJS=''
MAINT='#'
MAINTAINER_MODE_FALSE=''
MAINTAINER_MODE_TRUE='#'
MAKE='make'
MAKEINFO='${SHELL} /home/embeddeduser/consolePrjt/rtems-5.1/missing --run makeinfo'
MKDIR_P='/usr/bin/mkdir -p'
PACKAGE='rtems'
PACKAGE_BUGREPORT='https://devel.rtems.org/newticket'
PACKAGE_NAME='rtems'
PACKAGE_STRING='rtems 5.1.0'
PACKAGE_TARNAME='rtems'
PACKAGE_URL=''
PACKAGE_VERSION='5.1.0'
PATH_SEPARATOR=':'
PROJECT_ROOT='./$(top_builddir)'
PROJECT_TOPdir='./$(top_builddir)'
RTEMS_BUILD_ROOT=''
RTEMS_HAS_NETWORKING='yes'
RTEMS_HAS_POSIX_API='yes'
RTEMS_SOURCE_ROOT=''
RTEMS_TOPdir='.'
SET_MAKE=''
SHELL='/bin/bash'
STRIP=''
VERSION='5.1.0'
am__isrc=' -I$(srcdir)'
am__leading_dot='.'
am__tar='$${TAR-tar} chof - "$$tardir"'
am__untar='$${TAR-tar} xf -'
bindir='${exec_prefix}/bin'
build='x86_64-pc-linux-gnu'
build_SUBDIRS=''
build_alias=''
build_cpu='x86_64'
build_os='linux-gnu'
build_subdir='.'
build_vendor='pc'
buildargs=''
datadir='${datarootdir}'
datarootdir='${prefix}/share'
docdir='${datarootdir}/doc/${PACKAGE_TARNAME}'
dvidir='${docdir}'
exec_prefix='${prefix}'
host='x86_64-pc-linux-gnu'
host_SUBDIRS=''
host_alias=''
host_cpu='x86_64'
host_os='linux-gnu'
host_subdir=''
host_vendor='pc'
hostargs=''
htmldir='${docdir}'
includedir='${prefix}/include'
infodir='${datarootdir}/info'
install_sh='${SHELL} /home/embeddeduser/consolePrjt/rtems-5.1/install-sh'
libdir='${exec_prefix}/lib'
libexecdir='${exec_prefix}/libexec'
localedir='${datarootdir}/locale'
localstatedir='${prefix}/var'
mandir='${datarootdir}/man'
mkdir_p='$(MKDIR_P)'
oldincludedir='/usr/include'
pdfdir='${docdir}'
pkgdatadir='${datarootdir}/rtems5'
prefix='/opt/rtems-5'
program_transform_name='s&^&arm-rtems5-&'
psdir='${docdir}'
sbindir='${exec_prefix}/sbin'
sharedstatedir='${prefix}/com'
sysconfdir='${prefix}/etc'
target='arm-unknown-rtems5'
target_SUBDIRS=' arm-rtems5/c'
target_alias='arm-rtems5'
target_configdirs=' c'
target_cpu='arm'
target_os='rtems5'
target_subdir='arm-rtems5'
target_vendor='unknown'
targetargs=''\''--host=arm-rtems5'\'' '\''--build=x86_64-pc-linux-gnu'\'' '\''--target=arm-rtems5'\''  '\''--enable-rtemsbsp=stm32f4'\'' '\''--enable-networking'\'' '\''--enable-profiling'\'' '\''--enable-cxx'\'' '\''--enable-tests=samples'\'' '\''USE_TICKS_FOR_STATISTICS=1'\'''

## ----------- ##
## confdefs.h. ##
## ----------- ##

/* confdefs.h */
#define PACKAGE_NAME "rtems"
#define PACKAGE_TARNAME "rtems"
#define PACKAGE_VERSION "5.1.0"
#define PACKAGE_STRING "rtems 5.1.0"
#define PACKAGE_BUGREPORT "https://devel.rtems.org/newticket"
#define PACKAGE_URL ""

configure: exit 0
