This file contains any messages produced by compilers while
running configure, to aid debugging if configure makes a mistake.

It was created by rtems-c-src-make configure 5.1.0, which was
generated by GNU Autoconf 2.69.  Invocation command line was

  $ ../../../../../c/src/make/configure --disable-option-checking --prefix=/opt/rtems-5 --host=arm-rtems5 --build=x86_64-pc-linux-gnu --target=arm-rtems5 --enable-networking --enable-profiling --enable-cxx --enable-tests=samples USE_TICKS_FOR_STATISTICS=1 --with-target-subdir=arm-rtems5 --exec-prefix=/opt/rtems-5/arm-rtems5 --includedir=/opt/rtems-5/arm-rtems5/include build_alias=x86_64-pc-linux-gnu host_alias=arm-rtems5 target_alias=arm-rtems5 --with-project-root=../../ --with-project-top=../../ --with-rtems-build-top=/home/embeddeduser/consolePrjt/rtems-5.1/build/arm-rtems5/c/stm32f4 --with-rtems-source-top=/home/embeddeduser/consolePrjt/rtems-5.1 RTEMS_BSP=stm32f4 RTEMS_BSP_FAMILY=stm32f4 CFLAGS=-mthumb -mcpu=cortex-m4 -O2 -g -ffunction-sections -fdata-sections -Wall -Wmissing-prototypes -Wimplicit-function-declaration -Wstrict-prototypes -Wnested-externs --cache-file=/dev/null --srcdir=../../../../../c/src/make

## --------- ##
## Platform. ##
## --------- ##

hostname = ubuntu
uname -m = x86_64
uname -r = 5.4.0-48-generic
uname -s = Linux
uname -v = #52-Ubuntu SMP Thu Sep 10 10:58:49 UTC 2020

/usr/bin/uname -p = x86_64
/bin/uname -X     = unknown

/bin/arch              = x86_64
/usr/bin/arch -k       = unknown
/usr/convex/getsysinfo = unknown
/usr/bin/hostinfo      = unknown
/bin/machine           = unknown
/usr/bin/oslevel       = unknown
/bin/universe          = unknown

PATH: /opt/rtems-5.1/bin
PATH: /usr/local/sbin
PATH: /usr/local/bin
PATH: /usr/sbin
PATH: /usr/bin
PATH: /sbin
PATH: /bin
PATH: /usr/games
PATH: /usr/local/games
PATH: /snap/bin


## ----------- ##
## Core tests. ##
## ----------- ##

configure:2056: checking for gmake
configure:2086: result: no
configure:2056: checking for make
configure:2072: found /usr/bin/make
configure:2083: result: make
configure:2136: checking build system type
configure:2150: result: x86_64-pc-linux-gnu
configure:2170: checking host system type
configure:2183: result: arm-unknown-rtems5
configure:2204: checking rtems target cpu
configure:2215: result: arm
configure:2241: checking for a BSD-compatible install
configure:2309: result: /usr/bin/install -c
configure:2320: checking whether build environment is sane
configure:2375: result: yes
configure:2432: checking for arm-rtems5-strip
configure:2448: found /opt/rtems-5.1/bin/arm-rtems5-strip
configure:2459: result: arm-rtems5-strip
configure:2524: checking for a thread-safe mkdir -p
configure:2563: result: /usr/bin/mkdir -p
configure:2570: checking for gawk
configure:2600: result: no
configure:2570: checking for mawk
configure:2586: found /usr/bin/mawk
configure:2597: result: mawk
configure:2608: checking whether make sets $(MAKE)
configure:2630: result: yes
configure:2699: checking whether to enable maintainer-specific portions of Makefiles
configure:2708: result: no
configure:2812: checking for RTEMS_BSP
configure:2824: result: stm32f4
configure:2846: checking for cat
configure:2864: found /usr/bin/cat
configure:2876: result: /usr/bin/cat
configure:2886: checking for cp
configure:2904: found /usr/bin/cp
configure:2916: result: /usr/bin/cp
configure:2926: checking for mv
configure:2944: found /usr/bin/mv
configure:2956: result: /usr/bin/mv
configure:2966: checking for ln
configure:2984: found /usr/bin/ln
configure:2996: result: /usr/bin/ln
configure:3004: checking whether ln -s works
configure:3008: result: yes
configure:3017: checking for chmod
configure:3035: found /usr/bin/chmod
configure:3047: result: /usr/bin/chmod
configure:3057: checking for sort
configure:3075: found /usr/bin/sort
configure:3087: result: /usr/bin/sort
configure:3098: checking for touch
configure:3116: found /usr/bin/touch
configure:3128: result: /usr/bin/touch
configure:3138: checking for cmp
configure:3156: found /usr/bin/cmp
configure:3168: result: /usr/bin/cmp
configure:3179: checking for sed
configure:3197: found /usr/bin/sed
configure:3209: result: /usr/bin/sed
configure:3221: checking for gm4
configure:3254: result: no
configure:3221: checking for m4
configure:3239: found /usr/bin/m4
configure:3251: result: /usr/bin/m4
configure:3268: checking for bash
configure:3286: found /usr/bin/bash
configure:3298: result: /usr/bin/bash
configure:3333: checking for style of include used by make
configure:3361: result: GNU
configure:3393: checking for arm-rtems5-gcc
configure:3409: found /opt/rtems-5.1/bin/arm-rtems5-gcc
configure:3420: result: arm-rtems5-gcc
configure:3439: checking for arm-rtems5-gcc
configure:3466: result: arm-rtems5-gcc
configure:3735: checking for C compiler version
configure:3744: arm-rtems5-gcc --version >&5
arm-rtems5-gcc (GCC) 7.5.0 20191114 (RTEMS 5, RSB 5.1, Newlib 7947581)
Copyright (C) 2017 Free Software Foundation, Inc.
This is free software; see the source for copying conditions.  There is NO
warranty; not even for MERCHANTABILITY or FITNESS FOR A PARTICULAR PURPOSE.

configure:3755: $? = 0
configure:3744: arm-rtems5-gcc -v >&5
Using built-in specs.
COLLECT_GCC=arm-rtems5-gcc
COLLECT_LTO_WRAPPER=/opt/rtems-5.1/libexec/gcc/arm-rtems5/7.5.0/lto-wrapper
Target: arm-rtems5
Configured with: ../gcc-7.5.0/configure --prefix=/opt/rtems-5.1 --bindir=/opt/rtems-5.1/bin --exec_prefix=/opt/rtems-5.1 --includedir=/opt/rtems-5.1/include --libdir=/opt/rtems-5.1/lib --libexecdir=/opt/rtems-5.1/libexec --mandir=/opt/rtems-5.1/share/man --infodir=/opt/rtems-5.1/share/info --datadir=/opt/rtems-5.1/share --build=x86_64-linux-gnu --host=x86_64-linux-gnu --target=arm-rtems5 --disable-libstdcxx-pch --with-gnu-as --with-gnu-ld --verbose --with-newlib --disable-nls --without-included-gettext --disable-win32-registry --enable-version-specific-runtime-libs --disable-lto --enable-newlib-io-c99-formats --enable-newlib-iconv --enable-newlib-iconv-encodings=big5,cp775,cp850,cp852,cp855,cp866,euc_jp,euc_kr,euc_tw,iso_8859_1,iso_8859_10,iso_8859_11,iso_8859_13,iso_8859_14,iso_8859_15,iso_8859_2,iso_8859_3,iso_8859_4,iso_8859_5,iso_8859_6,iso_8859_7,iso_8859_8,iso_8859_9,iso_ir_111,koi8_r,koi8_ru,koi8_u,koi8_uni,ucs_2,ucs_2_internal,ucs_2be,ucs_2le,ucs_4,ucs_4_internal,ucs_4be,ucs_4le,us_ascii,utf_16,utf_16be,utf_16le,utf_8,win_1250,win_1251,win_1252,win_1253,win_1254,win_1255,win_1256,win_1257,win_1258 --enable-threads --disable-plugin --enable-libgomp --enable-languages=c,c++
Thread model: rtems
gcc version 7.5.0 20191114 (RTEMS 5, RSB 5.1, Newlib 7947581) (GCC) 
configure:3755: $? = 0
configure:3744: arm-rtems5-gcc -V >&5
arm-rtems5-gcc: error: unrecognized command line option '-V'
arm-rtems5-gcc: fatal error: no input files
compilation terminated.
configure:3755: $? = 1
configure:3744: arm-rtems5-gcc -qversion >&5
arm-rtems5-gcc: error: unrecognized command line option '-qversion'; did you mean '--version'?
arm-rtems5-gcc: fatal error: no input files
compilation terminated.
configure:3755: $? = 1
configure:3775: checking whether the C compiler works
configure:3797: arm-rtems5-gcc -mthumb -mcpu=cortex-m4 -O2 -g -ffunction-sections -fdata-sections -Wall -Wmissing-prototypes -Wimplicit-function-declaration -Wstrict-prototypes -Wnested-externs   conftest.c  >&5
conftest.c:11:1: warning: function declaration isn't a prototype [-Wstrict-prototypes]
 main ()
 ^~~~
/opt/rtems-5.1/lib/gcc/arm-rtems5/7.5.0/../../../../arm-rtems5/bin/ld: warning: cannot find entry symbol _start; defaulting to 0000000000008000
configure:3801: $? = 0
configure:3849: result: yes
configure:3852: checking for C compiler default output file name
configure:3854: result: a.out
configure:3860: checking for suffix of executables
configure:3867: arm-rtems5-gcc -o conftest -mthumb -mcpu=cortex-m4 -O2 -g -ffunction-sections -fdata-sections -Wall -Wmissing-prototypes -Wimplicit-function-declaration -Wstrict-prototypes -Wnested-externs   conftest.c  >&5
conftest.c:11:1: warning: function declaration isn't a prototype [-Wstrict-prototypes]
 main ()
 ^~~~
/opt/rtems-5.1/lib/gcc/arm-rtems5/7.5.0/../../../../arm-rtems5/bin/ld: warning: cannot find entry symbol _start; defaulting to 0000000000008000
configure:3871: $? = 0
configure:3893: result: 
configure:3915: checking whether we are cross compiling
configure:3953: result: yes
configure:3958: checking for suffix of object files
configure:3980: arm-rtems5-gcc -c -mthumb -mcpu=cortex-m4 -O2 -g -ffunction-sections -fdata-sections -Wall -Wmissing-prototypes -Wimplicit-function-declaration -Wstrict-prototypes -Wnested-externs  conftest.c >&5
conftest.c:11:1: warning: function declaration isn't a prototype [-Wstrict-prototypes]
 main ()
 ^~~~
configure:3984: $? = 0
configure:4005: result: o
configure:4009: checking whether we are using the GNU C compiler
configure:4028: arm-rtems5-gcc -c -mthumb -mcpu=cortex-m4 -O2 -g -ffunction-sections -fdata-sections -Wall -Wmissing-prototypes -Wimplicit-function-declaration -Wstrict-prototypes -Wnested-externs  conftest.c >&5
conftest.c:11:1: warning: function declaration isn't a prototype [-Wstrict-prototypes]
 main ()
 ^~~~
configure:4028: $? = 0
configure:4037: result: yes
configure:4046: checking whether arm-rtems5-gcc accepts -g
configure:4066: arm-rtems5-gcc -c -g  conftest.c >&5
configure:4066: $? = 0
configure:4107: result: yes
configure:4124: checking for arm-rtems5-gcc option to accept ISO C89
configure:4187: arm-rtems5-gcc  -c -mthumb -mcpu=cortex-m4 -O2 -g -ffunction-sections -fdata-sections -Wall -Wmissing-prototypes -Wimplicit-function-declaration -Wstrict-prototypes -Wnested-externs  conftest.c >&5
conftest.c:15:14: warning: function declaration isn't a prototype [-Wstrict-prototypes]
 static char *e (p, i)
              ^
conftest.c:52:1: warning: function declaration isn't a prototype [-Wstrict-prototypes]
 main ()
 ^~~~
configure:4187: $? = 0
configure:4200: result: none needed
configure:4222: checking dependency style of arm-rtems5-gcc
configure:4333: result: gcc3
configure:4353: checking how to run the C preprocessor
configure:4384: arm-rtems5-gcc -E  conftest.c
configure:4384: $? = 0
configure:4398: arm-rtems5-gcc -E  conftest.c
conftest.c:9:10: fatal error: ac_nonexistent.h: No such file or directory
 #include <ac_nonexistent.h>
          ^~~~~~~~~~~~~~~~~~
compilation terminated.
configure:4398: $? = 1
configure: failed program was:
| /* confdefs.h */
| #define PACKAGE_NAME "rtems-c-src-make"
| #define PACKAGE_TARNAME "rtems-c-src-make"
| #define PACKAGE_VERSION "5.1.0"
| #define PACKAGE_STRING "rtems-c-src-make 5.1.0"
| #define PACKAGE_BUGREPORT "https://devel.rtems.org/newticket"
| #define PACKAGE_URL ""
| /* end confdefs.h.  */
| #include <ac_nonexistent.h>
configure:4423: result: arm-rtems5-gcc -E
configure:4443: arm-rtems5-gcc -E  conftest.c
configure:4443: $? = 0
configure:4457: arm-rtems5-gcc -E  conftest.c
conftest.c:9:10: fatal error: ac_nonexistent.h: No such file or directory
 #include <ac_nonexistent.h>
          ^~~~~~~~~~~~~~~~~~
compilation terminated.
configure:4457: $? = 1
configure: failed program was:
| /* confdefs.h */
| #define PACKAGE_NAME "rtems-c-src-make"
| #define PACKAGE_TARNAME "rtems-c-src-make"
| #define PACKAGE_VERSION "5.1.0"
| #define PACKAGE_STRING "rtems-c-src-make 5.1.0"
| #define PACKAGE_BUGREPORT "https://devel.rtems.org/newticket"
| #define PACKAGE_URL ""
| /* end confdefs.h.  */
| #include <ac_nonexistent.h>
configure:4487: checking whether arm-rtems5-gcc accepts -isystem
configure:4509: result: yes
configure:4513: checking whether arm-rtems5-gcc accepts --pipe
configure:4529: result: yes
configure:4535: checking whether arm-rtems5-gcc --pipe accepts -specs
configure:4552: result: yes
configure:4621: checking whether CPU supports SMP
configure:4636: result: disabled
configure:4662: checking for arm-rtems5-g++
configure:4678: found /opt/rtems-5.1/bin/arm-rtems5-g++
configure:4689: result: arm-rtems5-g++
configure:4826: checking for C++ compiler version
configure:4835: arm-rtems5-g++ --version >&5
arm-rtems5-g++ (GCC) 7.5.0 20191114 (RTEMS 5, RSB 5.1, Newlib 7947581)
Copyright (C) 2017 Free Software Foundation, Inc.
This is free software; see the source for copying conditions.  There is NO
warranty; not even for MERCHANTABILITY or FITNESS FOR A PARTICULAR PURPOSE.

configure:4846: $? = 0
configure:4835: arm-rtems5-g++ -v >&5
Using built-in specs.
COLLECT_GCC=arm-rtems5-g++
COLLECT_LTO_WRAPPER=/opt/rtems-5.1/libexec/gcc/arm-rtems5/7.5.0/lto-wrapper
Target: arm-rtems5
Configured with: ../gcc-7.5.0/configure --prefix=/opt/rtems-5.1 --bindir=/opt/rtems-5.1/bin --exec_prefix=/opt/rtems-5.1 --includedir=/opt/rtems-5.1/include --libdir=/opt/rtems-5.1/lib --libexecdir=/opt/rtems-5.1/libexec --mandir=/opt/rtems-5.1/share/man --infodir=/opt/rtems-5.1/share/info --datadir=/opt/rtems-5.1/share --build=x86_64-linux-gnu --host=x86_64-linux-gnu --target=arm-rtems5 --disable-libstdcxx-pch --with-gnu-as --with-gnu-ld --verbose --with-newlib --disable-nls --without-included-gettext --disable-win32-registry --enable-version-specific-runtime-libs --disable-lto --enable-newlib-io-c99-formats --enable-newlib-iconv --enable-newlib-iconv-encodings=big5,cp775,cp850,cp852,cp855,cp866,euc_jp,euc_kr,euc_tw,iso_8859_1,iso_8859_10,iso_8859_11,iso_8859_13,iso_8859_14,iso_8859_15,iso_8859_2,iso_8859_3,iso_8859_4,iso_8859_5,iso_8859_6,iso_8859_7,iso_8859_8,iso_8859_9,iso_ir_111,koi8_r,koi8_ru,koi8_u,koi8_uni,ucs_2,ucs_2_internal,ucs_2be,ucs_2le,ucs_4,ucs_4_internal,ucs_4be,ucs_4le,us_ascii,utf_16,utf_16be,utf_16le,utf_8,win_1250,win_1251,win_1252,win_1253,win_1254,win_1255,win_1256,win_1257,win_1258 --enable-threads --disable-plugin --enable-libgomp --enable-languages=c,c++
Thread model: rtems
gcc version 7.5.0 20191114 (RTEMS 5, RSB 5.1, Newlib 7947581) (GCC) 
configure:4846: $? = 0
configure:4835: arm-rtems5-g++ -V >&5
arm-rtems5-g++: error: unrecognized command line option '-V'
arm-rtems5-g++: fatal error: no input files
compilation terminated.
configure:4846: $? = 1
configure:4835: arm-rtems5-g++ -qversion >&5
arm-rtems5-g++: error: unrecognized command line option '-qversion'; did you mean '--version'?
arm-rtems5-g++: fatal error: no input files
compilation terminated.
configure:4846: $? = 1
configure:4850: checking whether we are using the GNU C++ compiler
configure:4869: arm-rtems5-g++ -c -mthumb -mcpu=cortex-m4 -O2 -g -ffunction-sections -fdata-sections -Wall      conftest.cpp >&5
configure:4869: $? = 0
configure:4878: result: yes
configure:4887: checking whether arm-rtems5-g++ accepts -g
configure:4907: arm-rtems5-g++ -c -g  conftest.cpp >&5
configure:4907: $? = 0
configure:4948: result: yes
configure:4973: checking dependency style of arm-rtems5-g++
configure:5084: result: gcc3
configure:5104: checking how to run the C++ preprocessor
configure:5131: arm-rtems5-g++ -E  conftest.cpp
configure:5131: $? = 0
configure:5145: arm-rtems5-g++ -E  conftest.cpp
conftest.cpp:9:10: fatal error: ac_nonexistent.h: No such file or directory
 #include <ac_nonexistent.h>
          ^~~~~~~~~~~~~~~~~~
compilation terminated.
configure:5145: $? = 1
configure: failed program was:
| /* confdefs.h */
| #define PACKAGE_NAME "rtems-c-src-make"
| #define PACKAGE_TARNAME "rtems-c-src-make"
| #define PACKAGE_VERSION "5.1.0"
| #define PACKAGE_STRING "rtems-c-src-make 5.1.0"
| #define PACKAGE_BUGREPORT "https://devel.rtems.org/newticket"
| #define PACKAGE_URL ""
| /* end confdefs.h.  */
| #include <ac_nonexistent.h>
configure:5170: result: arm-rtems5-g++ -E
configure:5190: arm-rtems5-g++ -E  conftest.cpp
configure:5190: $? = 0
configure:5204: arm-rtems5-g++ -E  conftest.cpp
conftest.cpp:9:10: fatal error: ac_nonexistent.h: No such file or directory
 #include <ac_nonexistent.h>
          ^~~~~~~~~~~~~~~~~~
compilation terminated.
configure:5204: $? = 1
configure: failed program was:
| /* confdefs.h */
| #define PACKAGE_NAME "rtems-c-src-make"
| #define PACKAGE_TARNAME "rtems-c-src-make"
| #define PACKAGE_VERSION "5.1.0"
| #define PACKAGE_STRING "rtems-c-src-make 5.1.0"
| #define PACKAGE_BUGREPORT "https://devel.rtems.org/newticket"
| #define PACKAGE_URL ""
| /* end confdefs.h.  */
| #include <ac_nonexistent.h>
configure:5259: checking for arm-rtems5-ar
configure:5275: found /opt/rtems-5.1/bin/arm-rtems5-ar
configure:5287: result: arm-rtems5-ar
configure:5302: checking for arm-rtems5-as
configure:5318: found /opt/rtems-5.1/bin/arm-rtems5-as
configure:5330: result: arm-rtems5-as
configure:5345: checking for arm-rtems5-ld
configure:5361: found /opt/rtems-5.1/bin/arm-rtems5-ld
configure:5373: result: arm-rtems5-ld
configure:5389: checking for arm-rtems5-ranlib
configure:5405: found /opt/rtems-5.1/bin/arm-rtems5-ranlib
configure:5417: result: arm-rtems5-ranlib
configure:5433: checking for arm-rtems5-size
configure:5449: found /opt/rtems-5.1/bin/arm-rtems5-size
configure:5461: result: arm-rtems5-size
configure:5476: checking for arm-rtems5-nm
configure:5492: found /opt/rtems-5.1/bin/arm-rtems5-nm
configure:5504: result: arm-rtems5-nm
configure:5519: checking for arm-rtems5-objcopy
configure:5535: found /opt/rtems-5.1/bin/arm-rtems5-objcopy
configure:5547: result: arm-rtems5-objcopy
configure:5639: checking if wanting multiprocessing
configure:5657: result: no
configure:5695: checking whether BSP supports networking
configure:5718: result: yes
configure:5728: checking whether CPU supports libposix
configure:5743: result: yes
configure:5751: checking whether to build rtems++
configure:5766: result: yes
configure:5922: checking that generated files are newer than configure
configure:5928: result: done
configure:5975: creating ./config.status

## ---------------------- ##
## Running config.status. ##
## ---------------------- ##

This file was extended by rtems-c-src-make config.status 5.1.0, which was
generated by GNU Autoconf 2.69.  Invocation command line was

  CONFIG_FILES    = 
  CONFIG_HEADERS  = 
  CONFIG_LINKS    = 
  CONFIG_COMMANDS = 
  $ ./config.status 

on ubuntu

config.status:847: creating Makefile
config.status:1016: linking ../../../../../c/src/make/leaf.cfg to leaf.cfg
config.status:1035: executing depfiles commands

## ---------------- ##
## Cache variables. ##
## ---------------- ##

ac_cv_build=x86_64-pc-linux-gnu
ac_cv_c_compiler_gnu=yes
ac_cv_cxx_compiler_gnu=yes
ac_cv_env_CCC_set=
ac_cv_env_CCC_value=
ac_cv_env_CC_set=
ac_cv_env_CC_value=
ac_cv_env_CFLAGS_set=set
ac_cv_env_CFLAGS_value='-mthumb -mcpu=cortex-m4 -O2 -g -ffunction-sections -fdata-sections -Wall -Wmissing-prototypes -Wimplicit-function-declaration -Wstrict-prototypes -Wnested-externs'
ac_cv_env_CPPFLAGS_set=
ac_cv_env_CPPFLAGS_value=
ac_cv_env_CPP_set=
ac_cv_env_CPP_value=
ac_cv_env_CXXCPP_set=
ac_cv_env_CXXCPP_value=
ac_cv_env_CXXFLAGS_set=
ac_cv_env_CXXFLAGS_value=
ac_cv_env_CXX_set=
ac_cv_env_CXX_value=
ac_cv_env_LDFLAGS_set=
ac_cv_env_LDFLAGS_value=
ac_cv_env_LIBS_set=
ac_cv_env_LIBS_value=
ac_cv_env_RTEMS_BSP_FAMILY_set=set
ac_cv_env_RTEMS_BSP_FAMILY_value=stm32f4
ac_cv_env_RTEMS_BSP_set=set
ac_cv_env_RTEMS_BSP_value=stm32f4
ac_cv_env_RTEMS_CPU_MODEL_set=
ac_cv_env_RTEMS_CPU_MODEL_value=
ac_cv_env_build_alias_set=set
ac_cv_env_build_alias_value=x86_64-pc-linux-gnu
ac_cv_env_host_alias_set=set
ac_cv_env_host_alias_value=arm-rtems5
ac_cv_env_target_alias_set=set
ac_cv_env_target_alias_value=arm-rtems5
ac_cv_host=arm-unknown-rtems5
ac_cv_objext=o
ac_cv_path_CAT=/usr/bin/cat
ac_cv_path_CHMOD=/usr/bin/chmod
ac_cv_path_CMP=/usr/bin/cmp
ac_cv_path_CP=/usr/bin/cp
ac_cv_path_KSH=/usr/bin/bash
ac_cv_path_LN=/usr/bin/ln
ac_cv_path_M4=/usr/bin/m4
ac_cv_path_MV=/usr/bin/mv
ac_cv_path_SED=/usr/bin/sed
ac_cv_path_SORT=/usr/bin/sort
ac_cv_path_TOUCH=/usr/bin/touch
ac_cv_path_install='/usr/bin/install -c'
ac_cv_path_mkdir=/usr/bin/mkdir
ac_cv_prog_AR=arm-rtems5-ar
ac_cv_prog_AS=arm-rtems5-as
ac_cv_prog_AWK=mawk
ac_cv_prog_CC=arm-rtems5-gcc
ac_cv_prog_CPP='arm-rtems5-gcc -E'
ac_cv_prog_CXX=arm-rtems5-g++
ac_cv_prog_CXXCPP='arm-rtems5-g++ -E'
ac_cv_prog_LD=arm-rtems5-ld
ac_cv_prog_MAKE=make
ac_cv_prog_NM=arm-rtems5-nm
ac_cv_prog_OBJCOPY=arm-rtems5-objcopy
ac_cv_prog_RANLIB=arm-rtems5-ranlib
ac_cv_prog_SIZE=arm-rtems5-size
ac_cv_prog_STRIP=arm-rtems5-strip
ac_cv_prog_cc_c89=
ac_cv_prog_cc_g=yes
ac_cv_prog_cxx_g=yes
ac_cv_prog_make_make_set=yes
am_cv_CC_dependencies_compiler_type=gcc3
am_cv_CXX_dependencies_compiler_type=gcc3
rtems_cv_CFLAGS_set=set
rtems_cv_HAS_CPLUSPLUS=yes
rtems_cv_HAS_MP=no
rtems_cv_HAS_NETWORKING=yes
rtems_cv_HAS_POSIX_API=yes
rtems_cv_HAS_SMP=disabled
rtems_cv_RTEMS_BSP=stm32f4
rtems_cv_gcc_isystem=yes
rtems_cv_gcc_pipe=yes
rtems_cv_gcc_specs=yes
rtems_cv_want_multiprocessing=no

## ----------------- ##
## Output variables. ##
## ----------------- ##

ACLOCAL='${SHELL} /home/embeddeduser/consolePrjt/rtems-5.1/missing --run aclocal-1.12'
AMDEPBACKSLASH='\'
AMDEP_FALSE='#'
AMDEP_TRUE=''
AMTAR='$${TAR-tar}'
AR='arm-rtems5-ar'
AS='arm-rtems5-as'
AUTOCONF='${SHELL} /home/embeddeduser/consolePrjt/rtems-5.1/missing --run autoconf'
AUTOHEADER='${SHELL} /home/embeddeduser/consolePrjt/rtems-5.1/missing --run autoheader'
AUTOMAKE='${SHELL} /home/embeddeduser/consolePrjt/rtems-5.1/missing --run automake-1.12'
AWK='mawk'
CAT='/usr/bin/cat'
CC='arm-rtems5-gcc --pipe'
CCDEPMODE='depmode=gcc3'
CFLAGS='-mthumb -mcpu=cortex-m4 -O2 -g -ffunction-sections -fdata-sections -Wall -Wmissing-prototypes -Wimplicit-function-declaration -Wstrict-prototypes -Wnested-externs'
CHMOD='/usr/bin/chmod'
CMP='/usr/bin/cmp'
CP='/usr/bin/cp'
CPP='arm-rtems5-gcc -E'
CPPFLAGS=''
CXX='arm-rtems5-g++'
CXXCPP='arm-rtems5-g++ -E'
CXXDEPMODE='depmode=gcc3'
CXXFLAGS='-mthumb -mcpu=cortex-m4 -O2 -g -ffunction-sections -fdata-sections -Wall    '
CYGPATH_W='echo'
DEFS='-DPACKAGE_NAME=\"rtems-c-src-make\" -DPACKAGE_TARNAME=\"rtems-c-src-make\" -DPACKAGE_VERSION=\"5.1.0\" -DPACKAGE_STRING=\"rtems-c-src-make\ 5.1.0\" -DPACKAGE_BUGREPORT=\"https://devel.rtems.org/newticket\" -DPACKAGE_URL=\"\"'
DEPDIR='.deps'
ECHO_C=''
ECHO_N='-n'
ECHO_T=''
EXEEXT=''
GCCSPECS='-B$(RTEMS_SOURCE_ROOT)/bsps/$(RTEMS_CPU)/$(RTEMS_BSP_FAMILY)/start -specs bsp_specs -qrtems'
HAS_CPLUSPLUS='yes'
HAS_MP_FALSE=''
HAS_MP_TRUE='#'
HAS_NETWORKING='yes'
HAS_POSIX_API='yes'
INSTALL_DATA='${INSTALL} -m 644'
INSTALL_PROGRAM='${INSTALL}'
INSTALL_SCRIPT='${INSTALL}'
INSTALL_STRIP_PROGRAM='$(install_sh) -c -s'
KSH='/usr/bin/bash'
LD='arm-rtems5-ld'
LDFLAGS=''
LIBOBJS=''
LIBS=''
LN='/usr/bin/ln'
LN_S='ln -s'
LTLIBOBJS=''
M4='/usr/bin/m4'
MAINT='#'
MAINTAINER_MODE_FALSE=''
MAINTAINER_MODE_TRUE='#'
MAKE='make'
MAKEINFO='${SHELL} /home/embeddeduser/consolePrjt/rtems-5.1/missing --run makeinfo'
MKDIR_P='/usr/bin/mkdir -p'
MULTILIB_FALSE=''
MULTILIB_TRUE='#'
MV='/usr/bin/mv'
NM='arm-rtems5-nm'
OBJCOPY='arm-rtems5-objcopy'
OBJEXT='o'
PACKAGE='rtems-c-src-make'
PACKAGE_BUGREPORT='https://devel.rtems.org/newticket'
PACKAGE_NAME='rtems-c-src-make'
PACKAGE_STRING='rtems-c-src-make 5.1.0'
PACKAGE_TARNAME='rtems-c-src-make'
PACKAGE_URL=''
PACKAGE_VERSION='5.1.0'
PATH_SEPARATOR=':'
PROJECT_INCLUDE='$(PROJECT_ROOT)/stm32f4/lib/include'
PROJECT_LIB='$(PROJECT_ROOT)/stm32f4/lib'
PROJECT_RELEASE='$(PROJECT_ROOT)/stm32f4'
PROJECT_ROOT='../../../$(top_builddir)'
PROJECT_TOPdir='../../../../$(top_builddir)'
RANLIB='arm-rtems5-ranlib'
RTEMS_API='5'
RTEMS_BSP='stm32f4'
RTEMS_BSP_CPPFLAGS='-I/home/embeddeduser/consolePrjt/rtems-5.1/build/arm-rtems5/c/stm32f4/lib/libbsp/$(RTEMS_CPU)/$(RTEMS_BSP_FAMILY)/include -I/home/embeddeduser/consolePrjt/rtems-5.1/bsps/include -I/home/embeddeduser/consolePrjt/rtems-5.1/bsps/$(RTEMS_CPU)/include -I/home/embeddeduser/consolePrjt/rtems-5.1/bsps/$(RTEMS_CPU)/$(RTEMS_BSP_FAMILY)/include'
RTEMS_BSP_FAMILY='stm32f4'
RTEMS_BUILD_ROOT='/home/embeddeduser/consolePrjt/rtems-5.1/build/arm-rtems5/c/stm32f4'
RTEMS_CPPFLAGS='-I$(top_builddir) -I/home/embeddeduser/consolePrjt/rtems-5.1/build/arm-rtems5/c/stm32f4/include -I/home/embeddeduser/consolePrjt/rtems-5.1/cpukit/include -I/home/embeddeduser/consolePrjt/rtems-5.1/cpukit/score/cpu/$(RTEMS_CPU)/include -I/home/embeddeduser/consolePrjt/rtems-5.1/cpukit/libnetworking'
RTEMS_CPU='arm'
RTEMS_CPU_MODEL=''
RTEMS_GAS_CODE16=''
RTEMS_HAS_CPLUSPLUS='yes'
RTEMS_HAS_NETWORKING='yes'
RTEMS_HAS_POSIX_API='yes'
RTEMS_RELLDFLAGS='-qnolinkcmds -nostdlib -r'
RTEMS_SOURCE_ROOT='/home/embeddeduser/consolePrjt/rtems-5.1'
RTEMS_TOPdir='../../..'
SED='/usr/bin/sed'
SET_MAKE=''
SHELL='/bin/bash'
SIZE='arm-rtems5-size'
SORT='/usr/bin/sort'
STRIP='arm-rtems5-strip'
TOUCH='/usr/bin/touch'
VERSION='5.1.0'
ac_ct_CC=''
ac_ct_CXX=''
am__EXEEXT_FALSE=''
am__EXEEXT_TRUE='#'
am__fastdepCC_FALSE='#'
am__fastdepCC_TRUE=''
am__fastdepCXX_FALSE='#'
am__fastdepCXX_TRUE=''
am__include='include'
am__isrc=' -I$(srcdir)'
am__leading_dot='.'
am__nodep='_no'
am__quote=''
am__tar='$${TAR-tar} chof - "$$tardir"'
am__untar='$${TAR-tar} xf -'
bindir='${exec_prefix}/bin'
build='x86_64-pc-linux-gnu'
build_alias='x86_64-pc-linux-gnu'
build_cpu='x86_64'
build_os='linux-gnu'
build_vendor='pc'
cfg_dir='../../../make'
datadir='${datarootdir}'
datarootdir='${prefix}/share'
dirstamp='${am__leading_dot}dirstamp'
docdir='${datarootdir}/doc/${PACKAGE_TARNAME}'
dvidir='${docdir}'
exec_prefix='/opt/rtems-5/arm-rtems5'
host='arm-unknown-rtems5'
host_alias='arm-rtems5'
host_cpu='arm'
host_os='rtems5'
host_vendor='unknown'
htmldir='${docdir}'
includedir='${exec_prefix}/stm32f4/lib/include'
infodir='${datarootdir}/info'
install_sh='${SHELL} /home/embeddeduser/consolePrjt/rtems-5.1/install-sh'
libdir='${exec_prefix}/stm32f4/lib'
libexecdir='${exec_prefix}/libexec'
localedir='${datarootdir}/locale'
localstatedir='${prefix}/var'
mandir='${datarootdir}/man'
mkdir_p='$(MKDIR_P)'
oldincludedir='/usr/include'
pdfdir='${docdir}'
pkgdatadir='${datadir}/rtems5'
prefix='/opt/rtems-5'
program_transform_name='s,x,x,'
project_includedir='$(includedir)'
project_libdir='$(libdir)'
psdir='${docdir}'
sbindir='${exec_prefix}/sbin'
sharedstatedir='${prefix}/com'
sysconfdir='${prefix}/etc'
target_alias='arm-rtems5'

## ----------- ##
## confdefs.h. ##
## ----------- ##

/* confdefs.h */
#define PACKAGE_NAME "rtems-c-src-make"
#define PACKAGE_TARNAME "rtems-c-src-make"
#define PACKAGE_VERSION "5.1.0"
#define PACKAGE_STRING "rtems-c-src-make 5.1.0"
#define PACKAGE_BUGREPORT "https://devel.rtems.org/newticket"
#define PACKAGE_URL ""

configure: exit 0
