This file contains any messages produced by compilers while
running configure, to aid debugging if configure makes a mistake.

It was created by rtems-c-src-lib-libbsp-arm configure 5.1.0, which was
generated by GNU Autoconf 2.69.  Invocation command line was

  $ ../../../../../../../c/src/lib/libbsp/arm/configure --disable-option-checking --prefix=/opt/rtems-5 --host=arm-rtems5 --build=x86_64-pc-linux-gnu --target=arm-rtems5 --enable-networking --enable-profiling --enable-cxx --enable-tests=samples USE_TICKS_FOR_STATISTICS=1 --with-target-subdir=arm-rtems5 --exec-prefix=/opt/rtems-5/arm-rtems5 --includedir=/opt/rtems-5/arm-rtems5/include build_alias=x86_64-pc-linux-gnu host_alias=arm-rtems5 target_alias=arm-rtems5 --with-project-root=../../ --with-project-top=../../ --with-rtems-build-top=/home/embeddeduser/consolePrjt/rtems-5.1/build/arm-rtems5/c/stm32f4 --with-rtems-source-top=/home/embeddeduser/consolePrjt/rtems-5.1 RTEMS_BSP=stm32f4 RTEMS_BSP_FAMILY=stm32f4 CFLAGS=-mthumb -mcpu=cortex-m4 -O2 -g -ffunction-sections -fdata-sections -Wall -Wmissing-prototypes -Wimplicit-function-declaration -Wstrict-prototypes -Wnested-externs --cache-file=/dev/null --srcdir=../../../../../../../c/src/lib/libbsp/arm

## --------- ##
## Platform. ##
## --------- ##

hostname = ubuntu
uname -m = x86_64
uname -r = 5.4.0-48-generic
uname -s = Linux
uname -v = #52-Ubuntu SMP Thu Sep 10 10:58:49 UTC 2020

/usr/bin/uname -p = x86_64
/bin/uname -X     = unknown

/bin/arch              = x86_64
/usr/bin/arch -k       = unknown
/usr/convex/getsysinfo = unknown
/usr/bin/hostinfo      = unknown
/bin/machine           = unknown
/usr/bin/oslevel       = unknown
/bin/universe          = unknown

PATH: /opt/rtems-5.1/bin
PATH: /usr/local/sbin
PATH: /usr/local/bin
PATH: /usr/sbin
PATH: /usr/bin
PATH: /sbin
PATH: /bin
PATH: /usr/games
PATH: /usr/local/games
PATH: /snap/bin


## ----------- ##
## Core tests. ##
## ----------- ##

configure:1817: checking for gmake
configure:1847: result: no
configure:1817: checking for make
configure:1833: found /usr/bin/make
configure:1844: result: make
configure:1895: checking build system type
configure:1909: result: x86_64-pc-linux-gnu
configure:1929: checking host system type
configure:1942: result: arm-unknown-rtems5
configure:1963: checking rtems target cpu
configure:1974: result: arm
configure:1999: checking for a BSD-compatible install
configure:2067: result: /usr/bin/install -c
configure:2078: checking whether build environment is sane
configure:2133: result: yes
configure:2190: checking for arm-rtems5-strip
configure:2206: found /opt/rtems-5.1/bin/arm-rtems5-strip
configure:2217: result: arm-rtems5-strip
configure:2282: checking for a thread-safe mkdir -p
configure:2321: result: /usr/bin/mkdir -p
configure:2328: checking for gawk
configure:2358: result: no
configure:2328: checking for mawk
configure:2344: found /usr/bin/mawk
configure:2355: result: mawk
configure:2366: checking whether make sets $(MAKE)
configure:2388: result: yes
configure:2457: checking whether to enable maintainer-specific portions of Makefiles
configure:2466: result: no
configure:2488: checking for RTEMS_BSP
configure:2500: result: stm32f4
configure:2732: checking that generated files are newer than configure
configure:2738: result: done
configure:2750: creating ./config.status

## ---------------------- ##
## Running config.status. ##
## ---------------------- ##

This file was extended by rtems-c-src-lib-libbsp-arm config.status 5.1.0, which was
generated by GNU Autoconf 2.69.  Invocation command line was

  CONFIG_FILES    = 
  CONFIG_HEADERS  = 
  CONFIG_LINKS    = 
  CONFIG_COMMANDS = 
  $ ./config.status 

on ubuntu

config.status:763: creating Makefile
configure:3835: === configuring in stm32f4 (/home/embeddeduser/consolePrjt/rtems-5.1/build/arm-rtems5/c/stm32f4/lib/libbsp/arm/stm32f4)
configure:3898: running /bin/bash ../../../../../../../../c/src/lib/libbsp/arm/stm32f4/configure --disable-option-checking '--prefix=/opt/rtems-5'  '--host=arm-rtems5' '--build=x86_64-pc-linux-gnu' '--target=arm-rtems5' '--enable-networking' '--enable-profiling' '--enable-cxx' '--enable-tests=samples' 'USE_TICKS_FOR_STATISTICS=1' '--with-target-subdir=arm-rtems5' '--exec-prefix=/opt/rtems-5/arm-rtems5' '--includedir=/opt/rtems-5/arm-rtems5/include' 'build_alias=x86_64-pc-linux-gnu' 'host_alias=arm-rtems5' 'target_alias=arm-rtems5' '--with-project-root=../../' '--with-project-top=../../' '--with-rtems-build-top=/home/embeddeduser/consolePrjt/rtems-5.1/build/arm-rtems5/c/stm32f4' '--with-rtems-source-top=/home/embeddeduser/consolePrjt/rtems-5.1' 'RTEMS_BSP=stm32f4' 'RTEMS_BSP_FAMILY=stm32f4' 'CFLAGS=-mthumb -mcpu=cortex-m4 -O2 -g -ffunction-sections -fdata-sections -Wall -Wmissing-prototypes -Wimplicit-function-declaration -Wstrict-prototypes -Wnested-externs' --cache-file=/dev/null --srcdir=../../../../../../../../c/src/lib/libbsp/arm/stm32f4

## ---------------- ##
## Cache variables. ##
## ---------------- ##

ac_cv_build=x86_64-pc-linux-gnu
ac_cv_env_RTEMS_BSP_FAMILY_set=set
ac_cv_env_RTEMS_BSP_FAMILY_value=stm32f4
ac_cv_env_RTEMS_BSP_set=set
ac_cv_env_RTEMS_BSP_value=stm32f4
ac_cv_env_RTEMS_CPU_MODEL_set=
ac_cv_env_RTEMS_CPU_MODEL_value=
ac_cv_env_build_alias_set=set
ac_cv_env_build_alias_value=x86_64-pc-linux-gnu
ac_cv_env_host_alias_set=set
ac_cv_env_host_alias_value=arm-rtems5
ac_cv_env_target_alias_set=set
ac_cv_env_target_alias_value=arm-rtems5
ac_cv_host=arm-unknown-rtems5
ac_cv_path_install='/usr/bin/install -c'
ac_cv_path_mkdir=/usr/bin/mkdir
ac_cv_prog_AWK=mawk
ac_cv_prog_MAKE=make
ac_cv_prog_STRIP=arm-rtems5-strip
ac_cv_prog_make_make_set=yes
rtems_cv_RTEMS_BSP=stm32f4

## ----------------- ##
## Output variables. ##
## ----------------- ##

ACLOCAL='${SHELL} /home/embeddeduser/consolePrjt/rtems-5.1/missing --run aclocal-1.12'
AMTAR='$${TAR-tar}'
AUTOCONF='${SHELL} /home/embeddeduser/consolePrjt/rtems-5.1/missing --run autoconf'
AUTOHEADER='${SHELL} /home/embeddeduser/consolePrjt/rtems-5.1/missing --run autoheader'
AUTOMAKE='${SHELL} /home/embeddeduser/consolePrjt/rtems-5.1/missing --run automake-1.12'
AWK='mawk'
CYGPATH_W='echo'
DEFS='-DPACKAGE_NAME=\"rtems-c-src-lib-libbsp-arm\" -DPACKAGE_TARNAME=\"rtems-c-src-lib-libbsp-arm\" -DPACKAGE_VERSION=\"5.1.0\" -DPACKAGE_STRING=\"rtems-c-src-lib-libbsp-arm\ 5.1.0\" -DPACKAGE_BUGREPORT=\"https://devel.rtems.org/newticket\" -DPACKAGE_URL=\"\"'
ECHO_C=''
ECHO_N='-n'
ECHO_T=''
INSTALL_DATA='${INSTALL} -m 644'
INSTALL_PROGRAM='${INSTALL}'
INSTALL_SCRIPT='${INSTALL}'
INSTALL_STRIP_PROGRAM='$(install_sh) -c -s'
LIBOBJS=''
LIBS=''
LTLIBOBJS=''
MAINT='#'
MAINTAINER_MODE_FALSE=''
MAINTAINER_MODE_TRUE='#'
MAKE='make'
MAKEINFO='${SHELL} /home/embeddeduser/consolePrjt/rtems-5.1/missing --run makeinfo'
MKDIR_P='/usr/bin/mkdir -p'
PACKAGE='rtems-c-src-lib-libbsp-arm'
PACKAGE_BUGREPORT='https://devel.rtems.org/newticket'
PACKAGE_NAME='rtems-c-src-lib-libbsp-arm'
PACKAGE_STRING='rtems-c-src-lib-libbsp-arm 5.1.0'
PACKAGE_TARNAME='rtems-c-src-lib-libbsp-arm'
PACKAGE_URL=''
PACKAGE_VERSION='5.1.0'
PATH_SEPARATOR=':'
PROJECT_INCLUDE='$(PROJECT_ROOT)/stm32f4/lib/include'
PROJECT_LIB='$(PROJECT_ROOT)/stm32f4/lib'
PROJECT_RELEASE='$(PROJECT_ROOT)/stm32f4'
PROJECT_ROOT='../../../../../$(top_builddir)'
PROJECT_TOPdir='../../../../../../$(top_builddir)'
RTEMS_BSP='stm32f4'
RTEMS_BSP_FAMILY='stm32f4'
RTEMS_BUILD_ROOT='/home/embeddeduser/consolePrjt/rtems-5.1/build/arm-rtems5/c/stm32f4'
RTEMS_CPU='arm'
RTEMS_CPU_MODEL=''
RTEMS_SOURCE_ROOT='/home/embeddeduser/consolePrjt/rtems-5.1'
RTEMS_TOPdir='../../../../..'
SET_MAKE=''
SHELL='/bin/bash'
STRIP='arm-rtems5-strip'
VERSION='5.1.0'
am__isrc=' -I$(srcdir)'
am__leading_dot='.'
am__tar='$${TAR-tar} chof - "$$tardir"'
am__untar='$${TAR-tar} xf -'
bindir='${exec_prefix}/bin'
build='x86_64-pc-linux-gnu'
build_alias='x86_64-pc-linux-gnu'
build_cpu='x86_64'
build_os='linux-gnu'
build_vendor='pc'
datadir='${datarootdir}'
datarootdir='${prefix}/share'
dirstamp='${am__leading_dot}dirstamp'
docdir='${datarootdir}/doc/${PACKAGE_TARNAME}'
dvidir='${docdir}'
exec_prefix='/opt/rtems-5/arm-rtems5'
host='arm-unknown-rtems5'
host_alias='arm-rtems5'
host_cpu='arm'
host_os='rtems5'
host_vendor='unknown'
htmldir='${docdir}'
includedir='${exec_prefix}/stm32f4/lib/include'
infodir='${datarootdir}/info'
install_sh='${SHELL} /home/embeddeduser/consolePrjt/rtems-5.1/install-sh'
libdir='${exec_prefix}/stm32f4/lib'
libexecdir='${exec_prefix}/libexec'
localedir='${datarootdir}/locale'
localstatedir='${prefix}/var'
mandir='${datarootdir}/man'
mkdir_p='$(MKDIR_P)'
oldincludedir='/usr/include'
pdfdir='${docdir}'
pkgdatadir='${datadir}/rtems5'
prefix='/opt/rtems-5'
program_transform_name='s,x,x,'
project_includedir='$(includedir)'
project_libdir='$(libdir)'
psdir='${docdir}'
sbindir='${exec_prefix}/sbin'
sharedstatedir='${prefix}/com'
subdirs=' stm32f4'
sysconfdir='${prefix}/etc'
target_alias='arm-rtems5'

## ----------- ##
## confdefs.h. ##
## ----------- ##

/* confdefs.h */
#define PACKAGE_NAME "rtems-c-src-lib-libbsp-arm"
#define PACKAGE_TARNAME "rtems-c-src-lib-libbsp-arm"
#define PACKAGE_VERSION "5.1.0"
#define PACKAGE_STRING "rtems-c-src-lib-libbsp-arm 5.1.0"
#define PACKAGE_BUGREPORT "https://devel.rtems.org/newticket"
#define PACKAGE_URL ""

configure: exit 0
