This file contains any messages produced by compilers while
running configure, to aid debugging if configure makes a mistake.

It was created by rtems-c-src-lib-libbsp-arm-stm32f7 configure 5.1.0, which was
generated by GNU Autoconf 2.69.  Invocation command line was

  $ ../../../../../../../../c/src/lib/libbsp/arm/stm32f7/configure --disable-option-checking --prefix=/opt/rtems-5 --host=arm-rtems5 --build=x86_64-pc-linux-gnu --target=arm-rtems5 --enable-networking --enable-profiling --enable-cxx --enable-tests=samples USE_TICKS_FOR_STATISTICS=1 --with-target-subdir=arm-rtems5 --exec-prefix=/opt/rtems-5/arm-rtems5 --includedir=/opt/rtems-5/arm-rtems5/include build_alias=x86_64-pc-linux-gnu host_alias=arm-rtems5 target_alias=arm-rtems5 --with-project-root=../../ --with-project-top=../../ --with-rtems-build-top=/home/embeddeduser/consolePrjt/emp/lib/rtems-5.1/build/arm-rtems5/c/stm32f7 --with-rtems-source-top=/home/embeddeduser/consolePrjt/emp/lib/rtems-5.1 RTEMS_BSP=stm32f7 RTEMS_BSP_FAMILY=stm32f7 CFLAGS=-mthumb -mcpu=cortex-m4 -O2 -g -ffunction-sections -fdata-sections -Wall -Wmissing-prototypes -Wimplicit-function-declaration -Wstrict-prototypes -Wnested-externs --cache-file=/dev/null --srcdir=../../../../../../../../c/src/lib/libbsp/arm/stm32f7

## --------- ##
## Platform. ##
## --------- ##

hostname = ubuntu
uname -m = x86_64
uname -r = 5.4.0-52-generic
uname -s = Linux
uname -v = #57-Ubuntu SMP Thu Oct 15 10:57:00 UTC 2020

/usr/bin/uname -p = x86_64
/bin/uname -X     = unknown

/bin/arch              = x86_64
/usr/bin/arch -k       = unknown
/usr/convex/getsysinfo = unknown
/usr/bin/hostinfo      = unknown
/bin/machine           = unknown
/usr/bin/oslevel       = unknown
/bin/universe          = unknown

PATH: /opt/rtems-5.1/bin
PATH: /usr/local/sbin
PATH: /usr/local/bin
PATH: /usr/sbin
PATH: /usr/bin
PATH: /sbin
PATH: /bin
PATH: /usr/games
PATH: /usr/local/games
PATH: /snap/bin
PATH: /opt/qt5pi/gcc-linaro-7.5.0-2019.12-x86_64_arm-linux-gnueabihf/bin/


## ----------- ##
## Core tests. ##
## ----------- ##

configure:1978: checking for gmake
configure:2008: result: no
configure:1978: checking for make
configure:1994: found /usr/bin/make
configure:2005: result: make
configure:2055: checking build system type
configure:2069: result: x86_64-pc-linux-gnu
configure:2089: checking host system type
configure:2102: result: arm-unknown-rtems5
configure:2123: checking rtems target cpu
configure:2134: result: arm
configure:2167: checking rtems target cpu
configure:2178: result: arm
configure:2203: checking for a BSD-compatible install
configure:2271: result: /usr/bin/install -c
configure:2282: checking whether build environment is sane
configure:2337: result: yes
configure:2394: checking for arm-rtems5-strip
configure:2410: found /opt/rtems-5.1/bin/arm-rtems5-strip
configure:2421: result: arm-rtems5-strip
configure:2486: checking for a thread-safe mkdir -p
configure:2525: result: /usr/bin/mkdir -p
configure:2532: checking for gawk
configure:2562: result: no
configure:2532: checking for mawk
configure:2548: found /usr/bin/mawk
configure:2559: result: mawk
configure:2570: checking whether make sets $(MAKE)
configure:2592: result: yes
configure:2672: checking for style of include used by make
configure:2700: result: GNU
configure:2794: checking whether to enable maintainer-specific portions of Makefiles
configure:2803: result: no
configure:2824: checking for RTEMS_BSP
configure:2836: result: stm32f7
configure:2891: checking for arm-rtems5-gcc
configure:2907: found /opt/rtems-5.1/bin/arm-rtems5-gcc
configure:2918: result: arm-rtems5-gcc
configure:2937: checking for arm-rtems5-gcc
configure:2964: result: arm-rtems5-gcc
configure:3233: checking for C compiler version
configure:3242: arm-rtems5-gcc --version >&5
arm-rtems5-gcc (GCC) 7.5.0 20191114 (RTEMS 5, RSB 5.1, Newlib 7947581)
Copyright (C) 2017 Free Software Foundation, Inc.
This is free software; see the source for copying conditions.  There is NO
warranty; not even for MERCHANTABILITY or FITNESS FOR A PARTICULAR PURPOSE.

configure:3253: $? = 0
configure:3242: arm-rtems5-gcc -v >&5
Using built-in specs.
COLLECT_GCC=arm-rtems5-gcc
COLLECT_LTO_WRAPPER=/opt/rtems-5.1/libexec/gcc/arm-rtems5/7.5.0/lto-wrapper
Target: arm-rtems5
Configured with: ../gcc-7.5.0/configure --prefix=/opt/rtems-5.1 --bindir=/opt/rtems-5.1/bin --exec_prefix=/opt/rtems-5.1 --includedir=/opt/rtems-5.1/include --libdir=/opt/rtems-5.1/lib --libexecdir=/opt/rtems-5.1/libexec --mandir=/opt/rtems-5.1/share/man --infodir=/opt/rtems-5.1/share/info --datadir=/opt/rtems-5.1/share --build=x86_64-linux-gnu --host=x86_64-linux-gnu --target=arm-rtems5 --disable-libstdcxx-pch --with-gnu-as --with-gnu-ld --verbose --with-newlib --disable-nls --without-included-gettext --disable-win32-registry --enable-version-specific-runtime-libs --disable-lto --enable-newlib-io-c99-formats --enable-newlib-iconv --enable-newlib-iconv-encodings=big5,cp775,cp850,cp852,cp855,cp866,euc_jp,euc_kr,euc_tw,iso_8859_1,iso_8859_10,iso_8859_11,iso_8859_13,iso_8859_14,iso_8859_15,iso_8859_2,iso_8859_3,iso_8859_4,iso_8859_5,iso_8859_6,iso_8859_7,iso_8859_8,iso_8859_9,iso_ir_111,koi8_r,koi8_ru,koi8_u,koi8_uni,ucs_2,ucs_2_internal,ucs_2be,ucs_2le,ucs_4,ucs_4_internal,ucs_4be,ucs_4le,us_ascii,utf_16,utf_16be,utf_16le,utf_8,win_1250,win_1251,win_1252,win_1253,win_1254,win_1255,win_1256,win_1257,win_1258 --enable-threads --disable-plugin --enable-libgomp --enable-languages=c,c++
Thread model: rtems
gcc version 7.5.0 20191114 (RTEMS 5, RSB 5.1, Newlib 7947581) (GCC) 
configure:3253: $? = 0
configure:3242: arm-rtems5-gcc -V >&5
arm-rtems5-gcc: error: unrecognized command line option '-V'
arm-rtems5-gcc: fatal error: no input files
compilation terminated.
configure:3253: $? = 1
configure:3242: arm-rtems5-gcc -qversion >&5
arm-rtems5-gcc: error: unrecognized command line option '-qversion'; did you mean '--version'?
arm-rtems5-gcc: fatal error: no input files
compilation terminated.
configure:3253: $? = 1
configure:3273: checking whether the C compiler works
configure:3295: arm-rtems5-gcc -mthumb -mcpu=cortex-m4 -O2 -g -ffunction-sections -fdata-sections -Wall -Wmissing-prototypes -Wimplicit-function-declaration -Wstrict-prototypes -Wnested-externs   conftest.c  >&5
conftest.c:11:1: warning: function declaration isn't a prototype [-Wstrict-prototypes]
 main ()
 ^~~~
/opt/rtems-5.1/lib/gcc/arm-rtems5/7.5.0/../../../../arm-rtems5/bin/ld: warning: cannot find entry symbol _start; defaulting to 0000000000008000
configure:3299: $? = 0
configure:3347: result: yes
configure:3350: checking for C compiler default output file name
configure:3352: result: a.out
configure:3358: checking for suffix of executables
configure:3365: arm-rtems5-gcc -o conftest -mthumb -mcpu=cortex-m4 -O2 -g -ffunction-sections -fdata-sections -Wall -Wmissing-prototypes -Wimplicit-function-declaration -Wstrict-prototypes -Wnested-externs   conftest.c  >&5
conftest.c:11:1: warning: function declaration isn't a prototype [-Wstrict-prototypes]
 main ()
 ^~~~
/opt/rtems-5.1/lib/gcc/arm-rtems5/7.5.0/../../../../arm-rtems5/bin/ld: warning: cannot find entry symbol _start; defaulting to 0000000000008000
configure:3369: $? = 0
configure:3391: result: 
configure:3413: checking whether we are cross compiling
configure:3451: result: yes
configure:3456: checking for suffix of object files
configure:3478: arm-rtems5-gcc -c -mthumb -mcpu=cortex-m4 -O2 -g -ffunction-sections -fdata-sections -Wall -Wmissing-prototypes -Wimplicit-function-declaration -Wstrict-prototypes -Wnested-externs  conftest.c >&5
conftest.c:11:1: warning: function declaration isn't a prototype [-Wstrict-prototypes]
 main ()
 ^~~~
configure:3482: $? = 0
configure:3503: result: o
configure:3507: checking whether we are using the GNU C compiler
configure:3526: arm-rtems5-gcc -c -mthumb -mcpu=cortex-m4 -O2 -g -ffunction-sections -fdata-sections -Wall -Wmissing-prototypes -Wimplicit-function-declaration -Wstrict-prototypes -Wnested-externs  conftest.c >&5
conftest.c:11:1: warning: function declaration isn't a prototype [-Wstrict-prototypes]
 main ()
 ^~~~
configure:3526: $? = 0
configure:3535: result: yes
configure:3544: checking whether arm-rtems5-gcc accepts -g
configure:3564: arm-rtems5-gcc -c -g  conftest.c >&5
configure:3564: $? = 0
configure:3605: result: yes
configure:3622: checking for arm-rtems5-gcc option to accept ISO C89
configure:3685: arm-rtems5-gcc  -c -mthumb -mcpu=cortex-m4 -O2 -g -ffunction-sections -fdata-sections -Wall -Wmissing-prototypes -Wimplicit-function-declaration -Wstrict-prototypes -Wnested-externs  conftest.c >&5
conftest.c:15:14: warning: function declaration isn't a prototype [-Wstrict-prototypes]
 static char *e (p, i)
              ^
conftest.c:52:1: warning: function declaration isn't a prototype [-Wstrict-prototypes]
 main ()
 ^~~~
configure:3685: $? = 0
configure:3698: result: none needed
configure:3720: checking dependency style of arm-rtems5-gcc
configure:3831: result: gcc3
configure:3851: checking how to run the C preprocessor
configure:3882: arm-rtems5-gcc -E  conftest.c
configure:3882: $? = 0
configure:3896: arm-rtems5-gcc -E  conftest.c
conftest.c:9:10: fatal error: ac_nonexistent.h: No such file or directory
 #include <ac_nonexistent.h>
          ^~~~~~~~~~~~~~~~~~
compilation terminated.
configure:3896: $? = 1
configure: failed program was:
| /* confdefs.h */
| #define PACKAGE_NAME "rtems-c-src-lib-libbsp-arm-stm32f7"
| #define PACKAGE_TARNAME "rtems-c-src-lib-libbsp-arm-stm32f7"
| #define PACKAGE_VERSION "5.1.0"
| #define PACKAGE_STRING "rtems-c-src-lib-libbsp-arm-stm32f7 5.1.0"
| #define PACKAGE_BUGREPORT "https://devel.rtems.org/newticket"
| #define PACKAGE_URL ""
| /* end confdefs.h.  */
| #include <ac_nonexistent.h>
configure:3921: result: arm-rtems5-gcc -E
configure:3941: arm-rtems5-gcc -E  conftest.c
configure:3941: $? = 0
configure:3955: arm-rtems5-gcc -E  conftest.c
conftest.c:9:10: fatal error: ac_nonexistent.h: No such file or directory
 #include <ac_nonexistent.h>
          ^~~~~~~~~~~~~~~~~~
compilation terminated.
configure:3955: $? = 1
configure: failed program was:
| /* confdefs.h */
| #define PACKAGE_NAME "rtems-c-src-lib-libbsp-arm-stm32f7"
| #define PACKAGE_TARNAME "rtems-c-src-lib-libbsp-arm-stm32f7"
| #define PACKAGE_VERSION "5.1.0"
| #define PACKAGE_STRING "rtems-c-src-lib-libbsp-arm-stm32f7 5.1.0"
| #define PACKAGE_BUGREPORT "https://devel.rtems.org/newticket"
| #define PACKAGE_URL ""
| /* end confdefs.h.  */
| #include <ac_nonexistent.h>
configure:3985: checking whether arm-rtems5-gcc accepts -isystem
configure:4007: result: yes
configure:4011: checking whether arm-rtems5-gcc accepts --pipe
configure:4027: result: yes
configure:4033: checking whether arm-rtems5-gcc --pipe accepts -specs
configure:4050: result: yes
configure:4104: checking for arm-rtems5-ar
configure:4120: found /opt/rtems-5.1/bin/arm-rtems5-ar
configure:4132: result: arm-rtems5-ar
configure:4147: checking for arm-rtems5-as
configure:4163: found /opt/rtems-5.1/bin/arm-rtems5-as
configure:4175: result: arm-rtems5-as
configure:4190: checking for arm-rtems5-ld
configure:4206: found /opt/rtems-5.1/bin/arm-rtems5-ld
configure:4218: result: arm-rtems5-ld
configure:4234: checking for arm-rtems5-ranlib
configure:4250: found /opt/rtems-5.1/bin/arm-rtems5-ranlib
configure:4262: result: arm-rtems5-ranlib
configure:4283: checking dependency style of arm-rtems5-gcc --pipe
configure:4392: result: gcc3
configure:4412: checking if wanting multiprocessing
configure:4430: result: no
configure:4468: checking whether BSP supports networking
configure:4491: result: yes
configure:4501: checking whether CPU supports SMP
configure:4516: result: disabled
configure:5003: checking that generated files are newer than configure
configure:5009: result: done
configure:5056: creating ./config.status

## ---------------------- ##
## Running config.status. ##
## ---------------------- ##

This file was extended by rtems-c-src-lib-libbsp-arm-stm32f7 config.status 5.1.0, which was
generated by GNU Autoconf 2.69.  Invocation command line was

  CONFIG_FILES    = 
  CONFIG_HEADERS  = 
  CONFIG_LINKS    = 
  CONFIG_COMMANDS = 
  $ ./config.status 

on ubuntu

config.status:908: creating Makefile
config.status:908: creating include/bspopts.tmp
config.status:1180: creating include/bspopts.h
config.status:1134: linking ../../../../../../../../c/src/lib/libbsp/arm/stm32f7/../../../../../../bsps/arm/stm32f7/start/linkcmds.stm32f7 to linkcmds
config.status:1153: executing depfiles commands

## ---------------- ##
## Cache variables. ##
## ---------------- ##

ac_cv_build=x86_64-pc-linux-gnu
ac_cv_c_compiler_gnu=yes
ac_cv_env_CCASFLAGS_set=
ac_cv_env_CCASFLAGS_value=
ac_cv_env_CCAS_set=
ac_cv_env_CCAS_value=
ac_cv_env_CC_set=
ac_cv_env_CC_value=
ac_cv_env_CFLAGS_set=set
ac_cv_env_CFLAGS_value='-mthumb -mcpu=cortex-m4 -O2 -g -ffunction-sections -fdata-sections -Wall -Wmissing-prototypes -Wimplicit-function-declaration -Wstrict-prototypes -Wnested-externs'
ac_cv_env_CPPFLAGS_set=
ac_cv_env_CPPFLAGS_value=
ac_cv_env_CPP_set=
ac_cv_env_CPP_value=
ac_cv_env_LDFLAGS_set=
ac_cv_env_LDFLAGS_value=
ac_cv_env_LIBS_set=
ac_cv_env_LIBS_value=
ac_cv_env_RTEMS_BSP_FAMILY_set=set
ac_cv_env_RTEMS_BSP_FAMILY_value=stm32f7
ac_cv_env_RTEMS_BSP_set=set
ac_cv_env_RTEMS_BSP_value=stm32f7
ac_cv_env_RTEMS_CPU_MODEL_set=
ac_cv_env_RTEMS_CPU_MODEL_value=
ac_cv_env_build_alias_set=set
ac_cv_env_build_alias_value=x86_64-pc-linux-gnu
ac_cv_env_host_alias_set=set
ac_cv_env_host_alias_value=arm-rtems5
ac_cv_env_target_alias_set=set
ac_cv_env_target_alias_value=arm-rtems5
ac_cv_host=arm-unknown-rtems5
ac_cv_objext=o
ac_cv_path_install='/usr/bin/install -c'
ac_cv_path_mkdir=/usr/bin/mkdir
ac_cv_prog_AR=arm-rtems5-ar
ac_cv_prog_AS=arm-rtems5-as
ac_cv_prog_AWK=mawk
ac_cv_prog_CC=arm-rtems5-gcc
ac_cv_prog_CPP='arm-rtems5-gcc -E'
ac_cv_prog_LD=arm-rtems5-ld
ac_cv_prog_MAKE=make
ac_cv_prog_RANLIB=arm-rtems5-ranlib
ac_cv_prog_STRIP=arm-rtems5-strip
ac_cv_prog_cc_c89=
ac_cv_prog_cc_g=yes
ac_cv_prog_make_make_set=yes
am_cv_CCAS_dependencies_compiler_type=gcc3
am_cv_CC_dependencies_compiler_type=gcc3
rtems_cv_CFLAGS_set=set
rtems_cv_HAS_MP=no
rtems_cv_HAS_NETWORKING=yes
rtems_cv_HAS_SMP=disabled
rtems_cv_RTEMS_BSP=stm32f7
rtems_cv_gcc_isystem=yes
rtems_cv_gcc_pipe=yes
rtems_cv_gcc_specs=yes
rtems_cv_want_multiprocessing=no

## ----------------- ##
## Output variables. ##
## ----------------- ##

ACLOCAL='${SHELL} /home/embeddeduser/consolePrjt/emp/lib/rtems-5.1/missing --run aclocal-1.12'
AMDEPBACKSLASH='\'
AMDEP_FALSE='#'
AMDEP_TRUE=''
AMTAR='$${TAR-tar}'
AR='arm-rtems5-ar'
AS='arm-rtems5-as'
AUTOCONF='${SHELL} /home/embeddeduser/consolePrjt/emp/lib/rtems-5.1/missing --run autoconf'
AUTOHEADER='${SHELL} /home/embeddeduser/consolePrjt/emp/lib/rtems-5.1/missing --run autoheader'
AUTOMAKE='${SHELL} /home/embeddeduser/consolePrjt/emp/lib/rtems-5.1/missing --run automake-1.12'
AWK='mawk'
CC='arm-rtems5-gcc --pipe'
CCAS='arm-rtems5-gcc --pipe'
CCASDEPMODE='depmode=gcc3'
CCASFLAGS='-mthumb -mcpu=cortex-m4 -O2 -g -ffunction-sections -fdata-sections -Wall -Wmissing-prototypes -Wimplicit-function-declaration -Wstrict-prototypes -Wnested-externs'
CCDEPMODE='depmode=gcc3'
CFLAGS='-mthumb -mcpu=cortex-m4 -O2 -g -ffunction-sections -fdata-sections -Wall -Wmissing-prototypes -Wimplicit-function-declaration -Wstrict-prototypes -Wnested-externs'
CPP='arm-rtems5-gcc -E'
CPPFLAGS=''
CYGPATH_W='echo'
DEFS='-DHAVE_CONFIG_H'
DEPDIR='.deps'
ECHO_C=''
ECHO_N='-n'
ECHO_T=''
EXEEXT=''
GCCSPECS='-B$(RTEMS_SOURCE_ROOT)/bsps/$(RTEMS_CPU)/$(RTEMS_BSP_FAMILY)/start -specs bsp_specs -qrtems'
HAS_MP_FALSE=''
HAS_MP_TRUE='#'
HAS_NETWORKING='yes'
HAS_NETWORKING_FALSE='#'
HAS_NETWORKING_TRUE=''
HAS_SMP_FALSE=''
HAS_SMP_TRUE='#'
INSTALL_DATA='${INSTALL} -m 644'
INSTALL_PROGRAM='${INSTALL}'
INSTALL_SCRIPT='${INSTALL}'
INSTALL_STRIP_PROGRAM='$(install_sh) -c -s'
LD='arm-rtems5-ld'
LDFLAGS=''
LIBOBJS=''
LIBS=''
LTLIBOBJS=''
MAINT='#'
MAINTAINER_MODE_FALSE=''
MAINTAINER_MODE_TRUE='#'
MAKE='make'
MAKEINFO='${SHELL} /home/embeddeduser/consolePrjt/emp/lib/rtems-5.1/missing --run makeinfo'
MKDIR_P='/usr/bin/mkdir -p'
MULTILIB_FALSE=''
MULTILIB_TRUE='#'
OBJEXT='o'
PACKAGE='rtems-c-src-lib-libbsp-arm-stm32f7'
PACKAGE_BUGREPORT='https://devel.rtems.org/newticket'
PACKAGE_NAME='rtems-c-src-lib-libbsp-arm-stm32f7'
PACKAGE_STRING='rtems-c-src-lib-libbsp-arm-stm32f7 5.1.0'
PACKAGE_TARNAME='rtems-c-src-lib-libbsp-arm-stm32f7'
PACKAGE_URL=''
PACKAGE_VERSION='5.1.0'
PATH_SEPARATOR=':'
PROJECT_INCLUDE='$(PROJECT_ROOT)/stm32f7/lib/include'
PROJECT_LIB='$(PROJECT_ROOT)/stm32f7/lib'
PROJECT_RELEASE='$(PROJECT_ROOT)/stm32f7'
PROJECT_ROOT='../../../../../../$(top_builddir)'
PROJECT_TOPdir='../../../../../../../$(top_builddir)'
RANLIB='arm-rtems5-ranlib'
RTEMS_BSP='stm32f7'
RTEMS_BSP_CPPFLAGS='-I/home/embeddeduser/consolePrjt/emp/lib/rtems-5.1/build/arm-rtems5/c/stm32f7/lib/libbsp/$(RTEMS_CPU)/$(RTEMS_BSP_FAMILY)/include -I/home/embeddeduser/consolePrjt/emp/lib/rtems-5.1/bsps/include -I/home/embeddeduser/consolePrjt/emp/lib/rtems-5.1/bsps/$(RTEMS_CPU)/include -I/home/embeddeduser/consolePrjt/emp/lib/rtems-5.1/bsps/$(RTEMS_CPU)/$(RTEMS_BSP_FAMILY)/include'
RTEMS_BSP_FAMILY='stm32f7'
RTEMS_BUILD_ROOT='/home/embeddeduser/consolePrjt/emp/lib/rtems-5.1/build/arm-rtems5/c/stm32f7'
RTEMS_CCASFLAGS='-DASM'
RTEMS_CPPFLAGS='-I$(top_builddir) -I/home/embeddeduser/consolePrjt/emp/lib/rtems-5.1/build/arm-rtems5/c/stm32f7/include -I/home/embeddeduser/consolePrjt/emp/lib/rtems-5.1/cpukit/include -I/home/embeddeduser/consolePrjt/emp/lib/rtems-5.1/cpukit/score/cpu/$(RTEMS_CPU)/include -I/home/embeddeduser/consolePrjt/emp/lib/rtems-5.1/cpukit/libnetworking'
RTEMS_CPU='arm'
RTEMS_CPU_MODEL=''
RTEMS_HAS_NETWORKING='yes'
RTEMS_RELLDFLAGS='-qnolinkcmds -nostdlib -r'
RTEMS_SOURCE_ROOT='/home/embeddeduser/consolePrjt/emp/lib/rtems-5.1'
RTEMS_TOPdir='../../../../../..'
SET_MAKE=''
SHELL='/bin/bash'
STRIP='arm-rtems5-strip'
VERSION='5.1.0'
ac_ct_CC=''
am__EXEEXT_FALSE=''
am__EXEEXT_TRUE='#'
am__fastdepCCAS_FALSE='#'
am__fastdepCCAS_TRUE=''
am__fastdepCC_FALSE='#'
am__fastdepCC_TRUE=''
am__include='include'
am__isrc=' -I$(srcdir)'
am__leading_dot='.'
am__nodep='_no'
am__quote=''
am__tar='$${TAR-tar} chof - "$$tardir"'
am__untar='$${TAR-tar} xf -'
bindir='${exec_prefix}/bin'
build='x86_64-pc-linux-gnu'
build_alias='x86_64-pc-linux-gnu'
build_cpu='x86_64'
build_os='linux-gnu'
build_vendor='pc'
datadir='${datarootdir}'
datarootdir='${prefix}/share'
dirstamp='${am__leading_dot}dirstamp'
docdir='${datarootdir}/doc/${PACKAGE_TARNAME}'
dvidir='${docdir}'
exec_prefix='/opt/rtems-5/arm-rtems5'
host='arm-unknown-rtems5'
host_alias='arm-rtems5'
host_cpu='arm'
host_os='rtems5'
host_vendor='unknown'
htmldir='${docdir}'
includedir='${exec_prefix}/stm32f7/lib/include'
infodir='${datarootdir}/info'
install_sh='${SHELL} /home/embeddeduser/consolePrjt/emp/lib/rtems-5.1/install-sh'
libdir='${exec_prefix}/stm32f7/lib'
libexecdir='${exec_prefix}/libexec'
localedir='${datarootdir}/locale'
localstatedir='${prefix}/var'
mandir='${datarootdir}/man'
mkdir_p='$(MKDIR_P)'
oldincludedir='/usr/include'
pdfdir='${docdir}'
pkgdatadir='${datadir}/rtems5'
prefix='/opt/rtems-5'
program_transform_name='s,x,x,'
project_includedir='$(includedir)'
project_libdir='$(libdir)'
psdir='${docdir}'
sbindir='${exec_prefix}/sbin'
sharedstatedir='${prefix}/com'
sysconfdir='${prefix}/etc'
target_alias='arm-rtems5'

## ----------- ##
## confdefs.h. ##
## ----------- ##

/* confdefs.h */
#define PACKAGE_NAME "rtems-c-src-lib-libbsp-arm-stm32f7"
#define PACKAGE_TARNAME "rtems-c-src-lib-libbsp-arm-stm32f7"
#define PACKAGE_VERSION "5.1.0"
#define PACKAGE_STRING "rtems-c-src-lib-libbsp-arm-stm32f7 5.1.0"
#define PACKAGE_BUGREPORT "https://devel.rtems.org/newticket"
#define PACKAGE_URL ""
#define RTEMS_BSP stm32f7
#define STM32F7_FAMILY_F7XXXX 1
#define STM32F7_HSE_OSCILLATOR 8000000
#define STM32F7_SYSCLK 8000000
#define STM32F7_HCLK 8000000
#define STM32F7_PCLK1 8000000
#define STM32F7_PCLK2 8000000
#define STM32F7_USART_BAUD 115200
#define STM32F7_ENABLE_USART_3 1
#define STM32F7_ENABLE_I2C1 1
#define BSP_PRESS_KEY_FOR_RESET 0
#define BSP_RESET_BOARD_AT_EXIT 1
#define BSP_PRINT_EXCEPTION_CONTEXT 1
#define BSP_VERBOSE_FATAL_EXTENSION 1

configure: exit 0
