This file contains any messages produced by compilers while
running configure, to aid debugging if configure makes a mistake.

It was created by rtems-c-src configure 5.1.0, which was
generated by GNU Autoconf 2.69.  Invocation command line was

  $ ../../../../c/src/configure --prefix=/opt/rtems-5 --host=arm-rtems5 --build=x86_64-pc-linux-gnu --target=arm-rtems5 --enable-networking --enable-profiling --enable-cxx --enable-tests=samples USE_TICKS_FOR_STATISTICS=1 --with-target-subdir=arm-rtems5 --exec-prefix=/opt/rtems-5/arm-rtems5 --includedir=/opt/rtems-5/arm-rtems5/include build_alias=x86_64-pc-linux-gnu host_alias=arm-rtems5 target_alias=arm-rtems5 --with-project-root=../../ --with-project-top=../../ --with-rtems-build-top=/home/embeddeduser/consolePrjt/rtems-5.1/build/arm-rtems5/c/stm32f4 --with-rtems-source-top=/home/embeddeduser/consolePrjt/rtems-5.1

## --------- ##
## Platform. ##
## --------- ##

hostname = ubuntu
uname -m = x86_64
uname -r = 5.4.0-48-generic
uname -s = Linux
uname -v = #52-Ubuntu SMP Thu Sep 10 10:58:49 UTC 2020

/usr/bin/uname -p = x86_64
/bin/uname -X     = unknown

/bin/arch              = x86_64
/usr/bin/arch -k       = unknown
/usr/convex/getsysinfo = unknown
/usr/bin/hostinfo      = unknown
/bin/machine           = unknown
/usr/bin/oslevel       = unknown
/bin/universe          = unknown

PATH: /opt/rtems-5.1/bin
PATH: /usr/local/sbin
PATH: /usr/local/bin
PATH: /usr/sbin
PATH: /usr/bin
PATH: /sbin
PATH: /bin
PATH: /usr/games
PATH: /usr/local/games
PATH: /snap/bin


## ----------- ##
## Core tests. ##
## ----------- ##

configure:2062: checking for gmake
configure:2092: result: no
configure:2062: checking for make
configure:2078: found /usr/bin/make
configure:2089: result: make
configure:2169: checking build system type
configure:2183: result: x86_64-pc-linux-gnu
configure:2203: checking host system type
configure:2216: result: arm-unknown-rtems5
configure:2237: checking rtems target cpu
configure:2248: result: arm
configure:2274: checking for a BSD-compatible install
configure:2342: result: /usr/bin/install -c
configure:2353: checking whether build environment is sane
configure:2408: result: yes
configure:2465: checking for arm-rtems5-strip
configure:2481: found /opt/rtems-5.1/bin/arm-rtems5-strip
configure:2492: result: arm-rtems5-strip
configure:2557: checking for a thread-safe mkdir -p
configure:2596: result: /usr/bin/mkdir -p
configure:2603: checking for gawk
configure:2633: result: no
configure:2603: checking for mawk
configure:2619: found /usr/bin/mawk
configure:2630: result: mawk
configure:2641: checking whether make sets $(MAKE)
configure:2663: result: yes
configure:2732: checking whether to enable maintainer-specific portions of Makefiles
configure:2741: result: no
configure:2789: checking for RTEMS_BSP
configure:2801: result: stm32f4
configure:2867: checking whether CPU supports libposix
configure:2882: result: yes
configure:2891: setting up make/custom
configure:2941: creating make/stm32f4.cache
configure:2948: checking for RTEMS_CPU_MODEL
configure:2955: result: 
configure:2962: checking for RTEMS_BSP_FAMILY
configure:2980: result: stm32f4
configure:2987: checking for CPU_CFLAGS
configure:2994: result: -mthumb -mcpu=cortex-m4
configure:2998: checking for CFLAGS_OPTIMIZE_V
configure:3005: result: -O2 -g -ffunction-sections -fdata-sections
configure:3024: checking for style of include used by make
configure:3052: result: GNU
configure:3084: checking for arm-rtems5-gcc
configure:3100: found /opt/rtems-5.1/bin/arm-rtems5-gcc
configure:3111: result: arm-rtems5-gcc
configure:3130: checking for arm-rtems5-gcc
configure:3157: result: arm-rtems5-gcc
configure:3426: checking for C compiler version
configure:3435: arm-rtems5-gcc --version >&5
arm-rtems5-gcc (GCC) 7.5.0 20191114 (RTEMS 5, RSB 5.1, Newlib 7947581)
Copyright (C) 2017 Free Software Foundation, Inc.
This is free software; see the source for copying conditions.  There is NO
warranty; not even for MERCHANTABILITY or FITNESS FOR A PARTICULAR PURPOSE.

configure:3446: $? = 0
configure:3435: arm-rtems5-gcc -v >&5
Using built-in specs.
COLLECT_GCC=arm-rtems5-gcc
COLLECT_LTO_WRAPPER=/opt/rtems-5.1/libexec/gcc/arm-rtems5/7.5.0/lto-wrapper
Target: arm-rtems5
Configured with: ../gcc-7.5.0/configure --prefix=/opt/rtems-5.1 --bindir=/opt/rtems-5.1/bin --exec_prefix=/opt/rtems-5.1 --includedir=/opt/rtems-5.1/include --libdir=/opt/rtems-5.1/lib --libexecdir=/opt/rtems-5.1/libexec --mandir=/opt/rtems-5.1/share/man --infodir=/opt/rtems-5.1/share/info --datadir=/opt/rtems-5.1/share --build=x86_64-linux-gnu --host=x86_64-linux-gnu --target=arm-rtems5 --disable-libstdcxx-pch --with-gnu-as --with-gnu-ld --verbose --with-newlib --disable-nls --without-included-gettext --disable-win32-registry --enable-version-specific-runtime-libs --disable-lto --enable-newlib-io-c99-formats --enable-newlib-iconv --enable-newlib-iconv-encodings=big5,cp775,cp850,cp852,cp855,cp866,euc_jp,euc_kr,euc_tw,iso_8859_1,iso_8859_10,iso_8859_11,iso_8859_13,iso_8859_14,iso_8859_15,iso_8859_2,iso_8859_3,iso_8859_4,iso_8859_5,iso_8859_6,iso_8859_7,iso_8859_8,iso_8859_9,iso_ir_111,koi8_r,koi8_ru,koi8_u,koi8_uni,ucs_2,ucs_2_internal,ucs_2be,ucs_2le,ucs_4,ucs_4_internal,ucs_4be,ucs_4le,us_ascii,utf_16,utf_16be,utf_16le,utf_8,win_1250,win_1251,win_1252,win_1253,win_1254,win_1255,win_1256,win_1257,win_1258 --enable-threads --disable-plugin --enable-libgomp --enable-languages=c,c++
Thread model: rtems
gcc version 7.5.0 20191114 (RTEMS 5, RSB 5.1, Newlib 7947581) (GCC) 
configure:3446: $? = 0
configure:3435: arm-rtems5-gcc -V >&5
arm-rtems5-gcc: error: unrecognized command line option '-V'
arm-rtems5-gcc: fatal error: no input files
compilation terminated.
configure:3446: $? = 1
configure:3435: arm-rtems5-gcc -qversion >&5
arm-rtems5-gcc: error: unrecognized command line option '-qversion'; did you mean '--version'?
arm-rtems5-gcc: fatal error: no input files
compilation terminated.
configure:3446: $? = 1
configure:3466: checking whether the C compiler works
configure:3488: arm-rtems5-gcc -mthumb -mcpu=cortex-m4 -O2 -g -ffunction-sections -fdata-sections   conftest.c  >&5
/opt/rtems-5.1/lib/gcc/arm-rtems5/7.5.0/../../../../arm-rtems5/bin/ld: warning: cannot find entry symbol _start; defaulting to 0000000000008000
configure:3492: $? = 0
configure:3540: result: yes
configure:3543: checking for C compiler default output file name
configure:3545: result: a.out
configure:3551: checking for suffix of executables
configure:3558: arm-rtems5-gcc -o conftest -mthumb -mcpu=cortex-m4 -O2 -g -ffunction-sections -fdata-sections   conftest.c  >&5
/opt/rtems-5.1/lib/gcc/arm-rtems5/7.5.0/../../../../arm-rtems5/bin/ld: warning: cannot find entry symbol _start; defaulting to 0000000000008000
configure:3562: $? = 0
configure:3584: result: 
configure:3606: checking whether we are cross compiling
configure:3644: result: yes
configure:3649: checking for suffix of object files
configure:3671: arm-rtems5-gcc -c -mthumb -mcpu=cortex-m4 -O2 -g -ffunction-sections -fdata-sections  conftest.c >&5
configure:3675: $? = 0
configure:3696: result: o
configure:3700: checking whether we are using the GNU C compiler
configure:3719: arm-rtems5-gcc -c -mthumb -mcpu=cortex-m4 -O2 -g -ffunction-sections -fdata-sections  conftest.c >&5
configure:3719: $? = 0
configure:3728: result: yes
configure:3737: checking whether arm-rtems5-gcc accepts -g
configure:3757: arm-rtems5-gcc -c -g  conftest.c >&5
configure:3757: $? = 0
configure:3798: result: yes
configure:3815: checking for arm-rtems5-gcc option to accept ISO C89
configure:3878: arm-rtems5-gcc  -c -mthumb -mcpu=cortex-m4 -O2 -g -ffunction-sections -fdata-sections  conftest.c >&5
configure:3878: $? = 0
configure:3891: result: none needed
configure:3913: checking dependency style of arm-rtems5-gcc
configure:4024: result: gcc3
configure:4044: checking how to run the C preprocessor
configure:4075: arm-rtems5-gcc -E  conftest.c
configure:4075: $? = 0
configure:4089: arm-rtems5-gcc -E  conftest.c
conftest.c:9:10: fatal error: ac_nonexistent.h: No such file or directory
 #include <ac_nonexistent.h>
          ^~~~~~~~~~~~~~~~~~
compilation terminated.
configure:4089: $? = 1
configure: failed program was:
| /* confdefs.h */
| #define PACKAGE_NAME "rtems-c-src"
| #define PACKAGE_TARNAME "rtems-c-src"
| #define PACKAGE_VERSION "5.1.0"
| #define PACKAGE_STRING "rtems-c-src 5.1.0"
| #define PACKAGE_BUGREPORT "https://devel.rtems.org/newticket"
| #define PACKAGE_URL ""
| /* end confdefs.h.  */
| #include <ac_nonexistent.h>
configure:4114: result: arm-rtems5-gcc -E
configure:4134: arm-rtems5-gcc -E  conftest.c
configure:4134: $? = 0
configure:4148: arm-rtems5-gcc -E  conftest.c
conftest.c:9:10: fatal error: ac_nonexistent.h: No such file or directory
 #include <ac_nonexistent.h>
          ^~~~~~~~~~~~~~~~~~
compilation terminated.
configure:4148: $? = 1
configure: failed program was:
| /* confdefs.h */
| #define PACKAGE_NAME "rtems-c-src"
| #define PACKAGE_TARNAME "rtems-c-src"
| #define PACKAGE_VERSION "5.1.0"
| #define PACKAGE_STRING "rtems-c-src 5.1.0"
| #define PACKAGE_BUGREPORT "https://devel.rtems.org/newticket"
| #define PACKAGE_URL ""
| /* end confdefs.h.  */
| #include <ac_nonexistent.h>
configure:4178: checking whether arm-rtems5-gcc accepts -isystem
configure:4200: result: yes
configure:4204: checking whether arm-rtems5-gcc accepts --pipe
configure:4220: result: yes
configure:4226: checking whether arm-rtems5-gcc --pipe accepts -specs
configure:4243: result: yes
configure:4310: checking whether CPU supports SMP
configure:4325: result: disabled
configure:4351: checking for arm-rtems5-g++
configure:4367: found /opt/rtems-5.1/bin/arm-rtems5-g++
configure:4378: result: arm-rtems5-g++
configure:4515: checking for C++ compiler version
configure:4524: arm-rtems5-g++ --version >&5
arm-rtems5-g++ (GCC) 7.5.0 20191114 (RTEMS 5, RSB 5.1, Newlib 7947581)
Copyright (C) 2017 Free Software Foundation, Inc.
This is free software; see the source for copying conditions.  There is NO
warranty; not even for MERCHANTABILITY or FITNESS FOR A PARTICULAR PURPOSE.

configure:4535: $? = 0
configure:4524: arm-rtems5-g++ -v >&5
Using built-in specs.
COLLECT_GCC=arm-rtems5-g++
COLLECT_LTO_WRAPPER=/opt/rtems-5.1/libexec/gcc/arm-rtems5/7.5.0/lto-wrapper
Target: arm-rtems5
Configured with: ../gcc-7.5.0/configure --prefix=/opt/rtems-5.1 --bindir=/opt/rtems-5.1/bin --exec_prefix=/opt/rtems-5.1 --includedir=/opt/rtems-5.1/include --libdir=/opt/rtems-5.1/lib --libexecdir=/opt/rtems-5.1/libexec --mandir=/opt/rtems-5.1/share/man --infodir=/opt/rtems-5.1/share/info --datadir=/opt/rtems-5.1/share --build=x86_64-linux-gnu --host=x86_64-linux-gnu --target=arm-rtems5 --disable-libstdcxx-pch --with-gnu-as --with-gnu-ld --verbose --with-newlib --disable-nls --without-included-gettext --disable-win32-registry --enable-version-specific-runtime-libs --disable-lto --enable-newlib-io-c99-formats --enable-newlib-iconv --enable-newlib-iconv-encodings=big5,cp775,cp850,cp852,cp855,cp866,euc_jp,euc_kr,euc_tw,iso_8859_1,iso_8859_10,iso_8859_11,iso_8859_13,iso_8859_14,iso_8859_15,iso_8859_2,iso_8859_3,iso_8859_4,iso_8859_5,iso_8859_6,iso_8859_7,iso_8859_8,iso_8859_9,iso_ir_111,koi8_r,koi8_ru,koi8_u,koi8_uni,ucs_2,ucs_2_internal,ucs_2be,ucs_2le,ucs_4,ucs_4_internal,ucs_4be,ucs_4le,us_ascii,utf_16,utf_16be,utf_16le,utf_8,win_1250,win_1251,win_1252,win_1253,win_1254,win_1255,win_1256,win_1257,win_1258 --enable-threads --disable-plugin --enable-libgomp --enable-languages=c,c++
Thread model: rtems
gcc version 7.5.0 20191114 (RTEMS 5, RSB 5.1, Newlib 7947581) (GCC) 
configure:4535: $? = 0
configure:4524: arm-rtems5-g++ -V >&5
arm-rtems5-g++: error: unrecognized command line option '-V'
arm-rtems5-g++: fatal error: no input files
compilation terminated.
configure:4535: $? = 1
configure:4524: arm-rtems5-g++ -qversion >&5
arm-rtems5-g++: error: unrecognized command line option '-qversion'; did you mean '--version'?
arm-rtems5-g++: fatal error: no input files
compilation terminated.
configure:4535: $? = 1
configure:4539: checking whether we are using the GNU C++ compiler
configure:4558: arm-rtems5-g++ -c -mthumb -mcpu=cortex-m4 -O2 -g -ffunction-sections -fdata-sections  conftest.cpp >&5
configure:4558: $? = 0
configure:4567: result: yes
configure:4576: checking whether arm-rtems5-g++ accepts -g
configure:4596: arm-rtems5-g++ -c -g  conftest.cpp >&5
configure:4596: $? = 0
configure:4637: result: yes
configure:4662: checking dependency style of arm-rtems5-g++
configure:4773: result: gcc3
configure:4793: checking how to run the C++ preprocessor
configure:4820: arm-rtems5-g++ -E  conftest.cpp
configure:4820: $? = 0
configure:4834: arm-rtems5-g++ -E  conftest.cpp
conftest.cpp:9:10: fatal error: ac_nonexistent.h: No such file or directory
 #include <ac_nonexistent.h>
          ^~~~~~~~~~~~~~~~~~
compilation terminated.
configure:4834: $? = 1
configure: failed program was:
| /* confdefs.h */
| #define PACKAGE_NAME "rtems-c-src"
| #define PACKAGE_TARNAME "rtems-c-src"
| #define PACKAGE_VERSION "5.1.0"
| #define PACKAGE_STRING "rtems-c-src 5.1.0"
| #define PACKAGE_BUGREPORT "https://devel.rtems.org/newticket"
| #define PACKAGE_URL ""
| /* end confdefs.h.  */
| #include <ac_nonexistent.h>
configure:4859: result: arm-rtems5-g++ -E
configure:4879: arm-rtems5-g++ -E  conftest.cpp
configure:4879: $? = 0
configure:4893: arm-rtems5-g++ -E  conftest.cpp
conftest.cpp:9:10: fatal error: ac_nonexistent.h: No such file or directory
 #include <ac_nonexistent.h>
          ^~~~~~~~~~~~~~~~~~
compilation terminated.
configure:4893: $? = 1
configure: failed program was:
| /* confdefs.h */
| #define PACKAGE_NAME "rtems-c-src"
| #define PACKAGE_TARNAME "rtems-c-src"
| #define PACKAGE_VERSION "5.1.0"
| #define PACKAGE_STRING "rtems-c-src 5.1.0"
| #define PACKAGE_BUGREPORT "https://devel.rtems.org/newticket"
| #define PACKAGE_URL ""
| /* end confdefs.h.  */
| #include <ac_nonexistent.h>
configure:4941: checking whether arm-rtems5-gcc --pipe and cc understand -c and -o together
configure:4972: arm-rtems5-gcc --pipe -c conftest.c -o conftest2.o >&5
configure:4976: $? = 0
configure:4982: arm-rtems5-gcc --pipe -c conftest.c -o conftest2.o >&5
configure:4986: $? = 0
configure:4997: cc -c conftest.c >&5
configure:5001: $? = 0
configure:5009: cc -c conftest.c -o conftest2.o >&5
configure:5013: $? = 0
configure:5019: cc -c conftest.c -o conftest2.o >&5
configure:5023: $? = 0
configure:5041: result: yes
configure:5077: checking dependency style of arm-rtems5-gcc --pipe
configure:5186: result: gcc3
configure:5211: checking for arm-rtems5-ar
configure:5227: found /opt/rtems-5.1/bin/arm-rtems5-ar
configure:5239: result: arm-rtems5-ar
configure:5254: checking for arm-rtems5-as
configure:5270: found /opt/rtems-5.1/bin/arm-rtems5-as
configure:5282: result: arm-rtems5-as
configure:5297: checking for arm-rtems5-ld
configure:5313: found /opt/rtems-5.1/bin/arm-rtems5-ld
configure:5325: result: arm-rtems5-ld
configure:5341: checking for arm-rtems5-ranlib
configure:5357: found /opt/rtems-5.1/bin/arm-rtems5-ranlib
configure:5369: result: arm-rtems5-ranlib
configure:5392: checking whether arm-rtems5-gcc --pipe supports function __attribute__((weak))
configure:5417: arm-rtems5-gcc --pipe -c -Werror  conftest.c >&5
configure:5417: $? = 0
configure:5430: result: yes
configure:5797: checking that generated files are newer than configure
configure:5803: result: done
configure:5850: creating ./config.status
configure:6970: configuring in ../../cpukit
configure:7023: running /bin/bash '../../../../../c/src/../../cpukit/configure'  '--prefix=/opt/rtems-5' '--host=arm-rtems5' '--build=x86_64-pc-linux-gnu' '--target=arm-rtems5' '--enable-networking' '--enable-profiling' '--enable-cxx' '--enable-tests=samples' 'USE_TICKS_FOR_STATISTICS=1' '--with-target-subdir=arm-rtems5' '--exec-prefix=/opt/rtems-5/arm-rtems5' '--includedir=/opt/rtems-5/arm-rtems5/include' 'build_alias=x86_64-pc-linux-gnu' 'host_alias=arm-rtems5' 'target_alias=arm-rtems5' '--with-project-root=../../' '--with-project-top=../../' '--with-rtems-build-top=/home/embeddeduser/consolePrjt/rtems-5.1/build/arm-rtems5/c/stm32f4' '--with-rtems-source-top=/home/embeddeduser/consolePrjt/rtems-5.1' 'RTEMS_BSP=stm32f4' 'RTEMS_BSP_FAMILY=stm32f4' 'CFLAGS=-mthumb -mcpu=cortex-m4 -O2 -g -ffunction-sections -fdata-sections -Wall -Wmissing-prototypes -Wimplicit-function-declaration -Wstrict-prototypes -Wnested-externs' '--with-project-root=../../../stm32f4/'    '--includedir=/opt/rtems-5/arm-rtems5/stm32f4/lib/include'    '--libdir=/opt/rtems-5/arm-rtems5/stm32f4/lib'    --cache-file=/dev/null --srcdir=../../../../../c/src/../../cpukit
configure:7055: configuring in ../../testsuites
configure:7111: running /bin/bash '../../../../../c/src/../../testsuites/configure'  '--prefix=/opt/rtems-5' '--host=arm-rtems5' '--build=x86_64-pc-linux-gnu' '--target=arm-rtems5' '--enable-networking' '--enable-profiling' '--enable-cxx' '--enable-tests=samples' 'USE_TICKS_FOR_STATISTICS=1' '--with-target-subdir=arm-rtems5' '--exec-prefix=/opt/rtems-5/arm-rtems5' '--includedir=/opt/rtems-5/arm-rtems5/include' 'build_alias=x86_64-pc-linux-gnu' 'host_alias=arm-rtems5' 'target_alias=arm-rtems5' '--with-project-root=../../' '--with-project-top=../../' '--with-rtems-build-top=/home/embeddeduser/consolePrjt/rtems-5.1/build/arm-rtems5/c/stm32f4' '--with-rtems-source-top=/home/embeddeduser/consolePrjt/rtems-5.1' 'RTEMS_BSP=stm32f4' 'RTEMS_BSP_FAMILY=stm32f4' 'CFLAGS=-mthumb -mcpu=cortex-m4 -O2 -g -ffunction-sections -fdata-sections -Wall -Wmissing-prototypes -Wimplicit-function-declaration -Wstrict-prototypes -Wnested-externs' '--enable-rtems-root=../'    '--enable-project-root=../../../stm32f4'    '--with-project-top=../../../'    '--enable-rtemsbsp=stm32f4'    '--includedir=/opt/rtems-5/arm-rtems5/stm32f4/lib/include'    '--libdir=/opt/rtems-5/arm-rtems5/stm32f4/lib'    --cache-file=/dev/null --srcdir=../../../../../c/src/../../testsuites

## ---------------------- ##
## Running config.status. ##
## ---------------------- ##

This file was extended by rtems-c-src config.status 5.1.0, which was
generated by GNU Autoconf 2.69.  Invocation command line was

  CONFIG_FILES    = 
  CONFIG_HEADERS  = 
  CONFIG_LINKS    = 
  CONFIG_COMMANDS = 
  $ ./config.status 

on ubuntu

config.status:830: creating Makefile
config.status:830: creating lib/libbsp/Makefile
config.status:987: executing depfiles commands
configure:7228: === configuring in make (/home/embeddeduser/consolePrjt/rtems-5.1/build/arm-rtems5/c/stm32f4/make)
configure:7291: running /bin/bash ../../../../../c/src/make/configure --disable-option-checking '--prefix=/opt/rtems-5'  '--host=arm-rtems5' '--build=x86_64-pc-linux-gnu' '--target=arm-rtems5' '--enable-networking' '--enable-profiling' '--enable-cxx' '--enable-tests=samples' 'USE_TICKS_FOR_STATISTICS=1' '--with-target-subdir=arm-rtems5' '--exec-prefix=/opt/rtems-5/arm-rtems5' '--includedir=/opt/rtems-5/arm-rtems5/include' 'build_alias=x86_64-pc-linux-gnu' 'host_alias=arm-rtems5' 'target_alias=arm-rtems5' '--with-project-root=../../' '--with-project-top=../../' '--with-rtems-build-top=/home/embeddeduser/consolePrjt/rtems-5.1/build/arm-rtems5/c/stm32f4' '--with-rtems-source-top=/home/embeddeduser/consolePrjt/rtems-5.1' 'RTEMS_BSP=stm32f4' 'RTEMS_BSP_FAMILY=stm32f4' 'CFLAGS=-mthumb -mcpu=cortex-m4 -O2 -g -ffunction-sections -fdata-sections -Wall -Wmissing-prototypes -Wimplicit-function-declaration -Wstrict-prototypes -Wnested-externs' --cache-file=/dev/null --srcdir=../../../../../c/src/make
configure:7228: === configuring in lib/libbsp/arm (/home/embeddeduser/consolePrjt/rtems-5.1/build/arm-rtems5/c/stm32f4/lib/libbsp/arm)
configure:7291: running /bin/bash ../../../../../../../c/src/lib/libbsp/arm/configure --disable-option-checking '--prefix=/opt/rtems-5'  '--host=arm-rtems5' '--build=x86_64-pc-linux-gnu' '--target=arm-rtems5' '--enable-networking' '--enable-profiling' '--enable-cxx' '--enable-tests=samples' 'USE_TICKS_FOR_STATISTICS=1' '--with-target-subdir=arm-rtems5' '--exec-prefix=/opt/rtems-5/arm-rtems5' '--includedir=/opt/rtems-5/arm-rtems5/include' 'build_alias=x86_64-pc-linux-gnu' 'host_alias=arm-rtems5' 'target_alias=arm-rtems5' '--with-project-root=../../' '--with-project-top=../../' '--with-rtems-build-top=/home/embeddeduser/consolePrjt/rtems-5.1/build/arm-rtems5/c/stm32f4' '--with-rtems-source-top=/home/embeddeduser/consolePrjt/rtems-5.1' 'RTEMS_BSP=stm32f4' 'RTEMS_BSP_FAMILY=stm32f4' 'CFLAGS=-mthumb -mcpu=cortex-m4 -O2 -g -ffunction-sections -fdata-sections -Wall -Wmissing-prototypes -Wimplicit-function-declaration -Wstrict-prototypes -Wnested-externs' --cache-file=/dev/null --srcdir=../../../../../../../c/src/lib/libbsp/arm

## ---------------- ##
## Cache variables. ##
## ---------------- ##

ac_cv_build=x86_64-pc-linux-gnu
ac_cv_c_compiler_gnu=yes
ac_cv_cxx_compiler_gnu=yes
ac_cv_env_CCASFLAGS_set=
ac_cv_env_CCASFLAGS_value=
ac_cv_env_CCAS_set=
ac_cv_env_CCAS_value=
ac_cv_env_CCC_set=
ac_cv_env_CCC_value=
ac_cv_env_CC_set=
ac_cv_env_CC_value=
ac_cv_env_CFLAGS_OPTIMIZE_V='-O2 -g -ffunction-sections -fdata-sections'
ac_cv_env_CFLAGS_set=
ac_cv_env_CFLAGS_value=
ac_cv_env_CPPFLAGS_set=
ac_cv_env_CPPFLAGS_value=
ac_cv_env_CPP_set=
ac_cv_env_CPP_value=
ac_cv_env_CPU_CFLAGS='-mthumb -mcpu=cortex-m4'
ac_cv_env_CXXCPP_set=
ac_cv_env_CXXCPP_value=
ac_cv_env_CXXFLAGS_set=
ac_cv_env_CXXFLAGS_value=
ac_cv_env_CXX_set=
ac_cv_env_CXX_value=
ac_cv_env_LDFLAGS_set=
ac_cv_env_LDFLAGS_value=
ac_cv_env_LIBS_set=
ac_cv_env_LIBS_value=
ac_cv_env_RTEMS_BSP_FAMILY=stm32f4
ac_cv_env_RTEMS_BSP_FAMILY_set=
ac_cv_env_RTEMS_BSP_FAMILY_value=
ac_cv_env_RTEMS_BSP_set=set
ac_cv_env_RTEMS_BSP_value=stm32f4
ac_cv_env_RTEMS_CPU_MODEL=
ac_cv_env_RTEMS_CPU_MODEL_set=
ac_cv_env_RTEMS_CPU_MODEL_value=
ac_cv_env_build_alias_set=set
ac_cv_env_build_alias_value=x86_64-pc-linux-gnu
ac_cv_env_host_alias_set=set
ac_cv_env_host_alias_value=arm-rtems5
ac_cv_env_target_alias_set=set
ac_cv_env_target_alias_value=arm-rtems5
ac_cv_host=arm-unknown-rtems5
ac_cv_objext=o
ac_cv_path_install='/usr/bin/install -c'
ac_cv_path_mkdir=/usr/bin/mkdir
ac_cv_prog_AR=arm-rtems5-ar
ac_cv_prog_AS=arm-rtems5-as
ac_cv_prog_AWK=mawk
ac_cv_prog_CC=arm-rtems5-gcc
ac_cv_prog_CPP='arm-rtems5-gcc -E'
ac_cv_prog_CXX=arm-rtems5-g++
ac_cv_prog_CXXCPP='arm-rtems5-g++ -E'
ac_cv_prog_LD=arm-rtems5-ld
ac_cv_prog_MAKE=make
ac_cv_prog_RANLIB=arm-rtems5-ranlib
ac_cv_prog_STRIP=arm-rtems5-strip
ac_cv_prog_cc_arm_rtems5_gcc_c_o=yes
ac_cv_prog_cc_c89=
ac_cv_prog_cc_g=yes
ac_cv_prog_cxx_g=yes
ac_cv_prog_make_make_set=yes
am_cv_CCAS_dependencies_compiler_type=gcc3
am_cv_CC_dependencies_compiler_type=gcc3
am_cv_CXX_dependencies_compiler_type=gcc3
rtems_cv_CFLAGS_set=set
rtems_cv_HAS_POSIX_API=yes
rtems_cv_HAS_SMP=disabled
rtems_cv_RTEMS_BSP=stm32f4
rtems_cv_cc_attribute_weak=yes
rtems_cv_gcc_isystem=yes
rtems_cv_gcc_pipe=yes
rtems_cv_gcc_specs=yes

## ----------------- ##
## Output variables. ##
## ----------------- ##

ACLOCAL='${SHELL} /home/embeddeduser/consolePrjt/rtems-5.1/missing --run aclocal-1.12'
AMDEPBACKSLASH='\'
AMDEP_FALSE='#'
AMDEP_TRUE=''
AMTAR='$${TAR-tar}'
AR='arm-rtems5-ar'
AS='arm-rtems5-as'
AUTOCONF='${SHELL} /home/embeddeduser/consolePrjt/rtems-5.1/missing --run autoconf'
AUTOHEADER='${SHELL} /home/embeddeduser/consolePrjt/rtems-5.1/missing --run autoheader'
AUTOMAKE='${SHELL} /home/embeddeduser/consolePrjt/rtems-5.1/missing --run automake-1.12'
AWK='mawk'
BSP_SUBDIRS=' cpukit make lib/libbsp testsuites'
CC='arm-rtems5-gcc --pipe'
CCAS='arm-rtems5-gcc --pipe'
CCASDEPMODE='depmode=gcc3'
CCASFLAGS='-mthumb -mcpu=cortex-m4 -O2 -g -ffunction-sections -fdata-sections'
CCDEPMODE='depmode=gcc3'
CFLAGS='-mthumb -mcpu=cortex-m4 -O2 -g -ffunction-sections -fdata-sections -Wall -Wmissing-prototypes -Wimplicit-function-declaration -Wstrict-prototypes -Wnested-externs'
CPP='arm-rtems5-gcc -E'
CPPFLAGS=''
CUSTOM_CFG_FILES=' make/custom/stm32f4.cfg'
CXX='arm-rtems5-g++'
CXXCPP='arm-rtems5-g++ -E'
CXXDEPMODE='depmode=gcc3'
CXXFLAGS='-mthumb -mcpu=cortex-m4 -O2 -g -ffunction-sections -fdata-sections'
CYGPATH_W='echo'
DEFS='-DPACKAGE_NAME=\"rtems-c-src\" -DPACKAGE_TARNAME=\"rtems-c-src\" -DPACKAGE_VERSION=\"5.1.0\" -DPACKAGE_STRING=\"rtems-c-src\ 5.1.0\" -DPACKAGE_BUGREPORT=\"https://devel.rtems.org/newticket\" -DPACKAGE_URL=\"\"'
DEPDIR='.deps'
ECHO_C=''
ECHO_N='-n'
ECHO_T=''
EXEEXT=''
GCCSPECS='-B$(RTEMS_SOURCE_ROOT)/bsps/$(RTEMS_CPU)/$(RTEMS_BSP_FAMILY)/start -specs bsp_specs -qrtems'
HAS_POSIX_API='yes'
INSTALL_DATA='${INSTALL} -m 644'
INSTALL_PROGRAM='${INSTALL}'
INSTALL_SCRIPT='${INSTALL}'
INSTALL_STRIP_PROGRAM='$(install_sh) -c -s'
LD='arm-rtems5-ld'
LDFLAGS=''
LIBOBJS=''
LIBS=''
LTLIBOBJS=''
MAINT='#'
MAINTAINER_MODE_FALSE=''
MAINTAINER_MODE_TRUE='#'
MAKE='make'
MAKEINFO='${SHELL} /home/embeddeduser/consolePrjt/rtems-5.1/missing --run makeinfo'
MKDIR_P='/usr/bin/mkdir -p'
MULTILIB_FALSE=''
MULTILIB_TRUE='#'
OBJEXT='o'
PACKAGE='rtems-c-src'
PACKAGE_BUGREPORT='https://devel.rtems.org/newticket'
PACKAGE_NAME='rtems-c-src'
PACKAGE_STRING='rtems-c-src 5.1.0'
PACKAGE_TARNAME='rtems-c-src'
PACKAGE_URL=''
PACKAGE_VERSION='5.1.0'
PATH_SEPARATOR=':'
PROJECT_INCLUDE='$(PROJECT_ROOT)/stm32f4/lib/include'
PROJECT_LIB='$(PROJECT_ROOT)/stm32f4/lib'
PROJECT_RELEASE='$(PROJECT_ROOT)/stm32f4'
PROJECT_ROOT='../../$(top_builddir)'
PROJECT_TOPdir='../../../$(top_builddir)'
RANLIB='arm-rtems5-ranlib'
RTEMS_BSP='stm32f4'
RTEMS_BSP_CPPFLAGS='-I/home/embeddeduser/consolePrjt/rtems-5.1/build/arm-rtems5/c/stm32f4/lib/libbsp/$(RTEMS_CPU)/$(RTEMS_BSP_FAMILY)/include -I/home/embeddeduser/consolePrjt/rtems-5.1/bsps/include -I/home/embeddeduser/consolePrjt/rtems-5.1/bsps/$(RTEMS_CPU)/include -I/home/embeddeduser/consolePrjt/rtems-5.1/bsps/$(RTEMS_CPU)/$(RTEMS_BSP_FAMILY)/include'
RTEMS_BSP_FAMILY='stm32f4'
RTEMS_BUILD_ROOT='/home/embeddeduser/consolePrjt/rtems-5.1/build/arm-rtems5/c/stm32f4'
RTEMS_CCASFLAGS='-DASM'
RTEMS_CPPFLAGS='-I$(top_builddir) -I/home/embeddeduser/consolePrjt/rtems-5.1/build/arm-rtems5/c/stm32f4/include -I/home/embeddeduser/consolePrjt/rtems-5.1/cpukit/include -I/home/embeddeduser/consolePrjt/rtems-5.1/cpukit/score/cpu/$(RTEMS_CPU)/include'
RTEMS_CPU='arm'
RTEMS_CPU_MODEL=''
RTEMS_HAS_NETWORKING='yes'
RTEMS_HAS_POSIX_API='yes'
RTEMS_RELLDFLAGS='-qnolinkcmds -nostdlib -r'
RTEMS_SOURCE_ROOT='/home/embeddeduser/consolePrjt/rtems-5.1'
RTEMS_TOPdir='../..'
SET_MAKE=''
SHELL='/bin/bash'
STRIP='arm-rtems5-strip'
VERSION='5.1.0'
ac_ct_CC=''
ac_ct_CXX=''
am__EXEEXT_FALSE=''
am__EXEEXT_TRUE='#'
am__fastdepCCAS_FALSE='#'
am__fastdepCCAS_TRUE=''
am__fastdepCC_FALSE='#'
am__fastdepCC_TRUE=''
am__fastdepCXX_FALSE='#'
am__fastdepCXX_TRUE=''
am__include='include'
am__isrc=' -I$(srcdir)'
am__leading_dot='.'
am__nodep='_no'
am__quote=''
am__tar='$${TAR-tar} chof - "$$tardir"'
am__untar='$${TAR-tar} xf -'
bindir='${exec_prefix}/bin'
build='x86_64-pc-linux-gnu'
build_alias='x86_64-pc-linux-gnu'
build_cpu='x86_64'
build_os='linux-gnu'
build_vendor='pc'
datadir='${datarootdir}'
datarootdir='${prefix}/share'
dirstamp='${am__leading_dot}dirstamp'
docdir='${datarootdir}/doc/${PACKAGE_TARNAME}'
dvidir='${docdir}'
exec_prefix='/opt/rtems-5/arm-rtems5'
host='arm-unknown-rtems5'
host_alias='arm-rtems5'
host_cpu='arm'
host_os='rtems5'
host_vendor='unknown'
htmldir='${docdir}'
includedir='${exec_prefix}/stm32f4/lib/include'
infodir='${datarootdir}/info'
install_sh='${SHELL} /home/embeddeduser/consolePrjt/rtems-5.1/install-sh'
libbsp_cpu_subdir='arm'
libdir='${exec_prefix}/stm32f4/lib'
libexecdir='${exec_prefix}/libexec'
localedir='${datarootdir}/locale'
localstatedir='${prefix}/var'
mandir='${datarootdir}/man'
mkdir_p='$(MKDIR_P)'
oldincludedir='/usr/include'
pdfdir='${docdir}'
pkgdatadir='${datadir}/rtems5'
prefix='/opt/rtems-5'
program_transform_name='s,x,x,'
project_includedir='$(includedir)'
project_libdir='$(libdir)'
psdir='${docdir}'
sbindir='${exec_prefix}/sbin'
sharedstatedir='${prefix}/com'
subdirs=' make lib/libbsp/arm'
sysconfdir='${prefix}/etc'
target_alias='arm-rtems5'

## ----------- ##
## confdefs.h. ##
## ----------- ##

/* confdefs.h */
#define PACKAGE_NAME "rtems-c-src"
#define PACKAGE_TARNAME "rtems-c-src"
#define PACKAGE_VERSION "5.1.0"
#define PACKAGE_STRING "rtems-c-src 5.1.0"
#define PACKAGE_BUGREPORT "https://devel.rtems.org/newticket"
#define PACKAGE_URL ""

configure: exit 0

## ---------------------- ##
## Running config.status. ##
## ---------------------- ##

This file was extended by rtems-c-src config.status 5.1.0, which was
generated by GNU Autoconf 2.69.  Invocation command line was

  CONFIG_FILES    = 
  CONFIG_HEADERS  = 
  CONFIG_LINKS    = 
  CONFIG_COMMANDS = 
  $ ./config.status --file=arm-rtems5-stm32f4.pc:../../../../c/src/bsp.pc.in

on ubuntu

config.status:830: creating arm-rtems5-stm32f4.pc
